\BOOKMARK [0][-]{chapter.1}{\376\377\0001\000\040\000P\000r\000o\000y\000e\000c\000t\000o\000\040\000d\000e\000\040\000C\000a\000p\000t\000u\000r\000a\000\040\000y\000\040\000P\000r\000o\000c\000e\000s\000a\000m\000i\000e\000n\000t\000o\000\040\000d\000e\000\040\000C\000o\000o\000r\000d\000e\000n\000a\000d\000a\000s\000\040\000d\000e\000\040\000O\000b\000j\000e\000t\000o\000\040\000u\000t\000i\000l\000i\000z\000a\000n\000d\000o\000\040\000R\000O\000S\000,\000\040\000g\000R\000P\000C\000\040\000y\000\040\000R\000E\000S\000T\000-\000A\000P\000I}{}% 1
\BOOKMARK [1][-]{section.1.1}{\376\377\0001\000.\0001\000\040\000I\000n\000t\000r\000o\000d\000u\000c\000c\000i\000\363\000n}{chapter.1}% 2
\BOOKMARK [1][-]{section.1.2}{\376\377\0001\000.\0002\000\040\000P\000a\000s\000o\000s\000\040\000d\000e\000l\000\040\000P\000r\000o\000y\000e\000c\000t\000o}{chapter.1}% 3
\BOOKMARK [1][-]{section.1.3}{\376\377\0001\000.\0003\000\040\000L\000e\000n\000g\000u\000a\000j\000e\000s\000\040\000y\000\040\000P\000l\000a\000t\000a\000f\000o\000r\000m\000a\000s}{chapter.1}% 4
\BOOKMARK [1][-]{section.1.4}{\376\377\0001\000.\0004\000\040\000C\000o\000m\000p\000o\000n\000e\000n\000t\000e\000s\000\040\000P\000r\000i\000n\000c\000i\000p\000a\000l\000e\000s}{chapter.1}% 5
\BOOKMARK [1][-]{section.1.5}{\376\377\0001\000.\0005\000\040\000P\000a\000s\000o\000\040\0001\000:\000\040\000C\000a\000p\000t\000u\000r\000a\000\040\000d\000e\000\040\000i\000m\000a\000g\000e\000n\000\040\000y\000\040\000d\000e\000t\000e\000c\000c\000i\000\363\000n\000\040\000d\000e\000l\000\040\000o\000b\000j\000e\000t\000o\000\040\000v\000e\000r\000d\000e\000\040\000u\000t\000i\000l\000i\000z\000a\000n\000d\000o\000\040\000u\000n\000\040\000R\000O\000S\000\040\000N\000o\000d\000e\000\040\000e\000n\000\040\000C\000+\000+}{chapter.1}% 6
\BOOKMARK [2][-]{subsection.1.5.1}{\376\377\0001\000.\0005\000.\0001\000\040\000C\000\363\000d\000i\000g\000o\000\040\000F\000u\000e\000n\000t\000e}{section.1.5}% 7
\BOOKMARK [2][-]{subsection.1.5.2}{\376\377\0001\000.\0005\000.\0002\000\040\000D\000e\000s\000c\000r\000i\000p\000c\000i\000\363\000n\000\040\000d\000e\000l\000\040\000C\000\363\000d\000i\000g\000o}{section.1.5}% 8
\BOOKMARK [2][-]{subsection.1.5.3}{\376\377\0001\000.\0005\000.\0003\000\040\000U\000s\000o\000\040\000d\000e\000l\000\040\000C\000\363\000d\000i\000g\000o}{section.1.5}% 9
\BOOKMARK [1][-]{section.1.6}{\376\377\0001\000.\0006\000\040\000P\000a\000s\000o\000\040\0002\000:\000\040\000C\000r\000e\000a\000c\000i\000\363\000n\000\040\000d\000e\000\040\000u\000n\000a\000\040\000l\000i\000b\000r\000e\000r\000\355\000a\000\040\000e\000n\000\040\000C\000+\000+\000\040\000p\000a\000r\000a\000\040\000m\000u\000l\000t\000i\000p\000l\000i\000c\000a\000r\000\040\000l\000a\000s\000\040\000c\000o\000o\000r\000d\000e\000n\000a\000d\000a\000s\000\040\000p\000o\000r\000\040\0001\0000\0000}{chapter.1}% 10
\BOOKMARK [2][-]{subsection.1.6.1}{\376\377\0001\000.\0006\000.\0001\000\040\000C\000\363\000d\000i\000g\000o\000\040\000F\000u\000e\000n\000t\000e}{section.1.6}% 11
\BOOKMARK [2][-]{subsection.1.6.2}{\376\377\0001\000.\0006\000.\0002\000\040\000D\000e\000s\000c\000r\000i\000p\000c\000i\000\363\000n\000\040\000d\000e\000l\000\040\000C\000\363\000d\000i\000g\000o}{section.1.6}% 12
\BOOKMARK [1][-]{section.1.7}{\376\377\0001\000.\0007\000\040\000P\000a\000s\000o\000\040\0003\000:\000\040\000I\000n\000t\000e\000g\000r\000a\000c\000i\000\363\000n\000\040\000d\000e\000\040\000l\000a\000\040\000l\000i\000b\000r\000e\000r\000\355\000a\000\040\000C\000+\000+\000\040\000e\000n\000\040\000e\000l\000\040\000R\000O\000S\000\040\000N\000o\000d\000e\000\040\000p\000a\000r\000a\000\040\000r\000e\000a\000l\000i\000z\000a\000r\000\040\000l\000a\000\040\000o\000p\000e\000r\000a\000c\000i\000\363\000n\000\040\000d\000e\000\040\000m\000u\000l\000t\000i\000p\000l\000i\000c\000a\000c\000i\000\363\000n\000.}{chapter.1}% 13
\BOOKMARK [2][-]{subsection.1.7.1}{\376\377\0001\000.\0007\000.\0001\000\040\000U\000s\000o\000\040\000d\000e\000l\000\040\000C\000\363\000d\000i\000g\000o}{section.1.7}% 14
\BOOKMARK [2][-]{subsection.1.7.2}{\376\377\0001\000.\0007\000.\0002\000\040\000C\000o\000m\000o\000\040\000u\000t\000i\000l\000i\000z\000a\000r\000\040\000u\000n\000a\000\040\000l\000i\000b\000r\000e\000r\000i\000a\000\040\000c\000o\000m\000p\000a\000r\000t\000i\000d\000a\000\040\000\050\000.\000s\000o\000\051\000\040\000e\000n\000\040\000p\000y\000t\000h\000o\000n}{section.1.7}% 15
\BOOKMARK [1][-]{section.1.8}{\376\377\0001\000.\0008\000\040\000P\000a\000s\000o\000\040\0004\000:\000\040\000P\000u\000b\000l\000i\000c\000a\000c\000i\000\363\000n\000\040\000d\000e\000\040\000l\000a\000s\000\040\000c\000o\000o\000r\000d\000e\000n\000a\000d\000a\000s\000\040\000r\000e\000s\000u\000l\000t\000a\000n\000t\000e\000s\000\040\000e\000n\000\040\000u\000n\000\040\000R\000O\000S\000\040\000T\000o\000p\000i\000c\000\040\000j\000u\000n\000t\000o\000\040\000c\000o\000n\000\040\000s\000u\000\040\000t\000i\000m\000e\000s\000t\000a\000m\000p}{chapter.1}% 16
\BOOKMARK [1][-]{section.1.9}{\376\377\0001\000.\0009\000\040\000P\000a\000s\000o\000\040\0005\000:\000\040\000D\000e\000s\000a\000r\000r\000o\000l\000l\000o\000\040\000d\000e\000\040\000u\000n\000\040\000W\000r\000a\000p\000p\000e\000r\000\040\000d\000e\000\040\000g\000R\000P\000C\000\040\000p\000a\000r\000a\000\040\000c\000o\000n\000v\000e\000r\000t\000i\000r\000\040\000e\000l\000\040\000R\000O\000S\000\040\000T\000o\000p\000i\000c\000\040\000e\000n\000\040\000u\000n\000\040\000s\000e\000r\000v\000i\000c\000i\000o\000\040\000R\000P\000C}{chapter.1}% 17
\BOOKMARK [1][-]{section.1.10}{\376\377\0001\000.\0001\0000\000\040\000P\000a\000s\000o\000\040\0006\000:\000\040\000I\000m\000p\000l\000e\000m\000e\000n\000t\000a\000c\000i\000\363\000n\000\040\000d\000e\000\040\000u\000n\000\040\000p\000r\000o\000g\000r\000a\000m\000a\000\040\000e\000n\000\040\000J\000a\000v\000a\000\040\000q\000u\000e\000\040\000c\000o\000n\000s\000u\000m\000e\000\040\000e\000l\000\040\000s\000e\000r\000v\000i\000c\000i\000o\000\040\000R\000P\000C\000\040\000y\000\040\000m\000u\000e\000s\000t\000r\000a\000\040\000l\000a\000s\000\040\000c\000o\000o\000r\000d\000e\000n\000a\000d\000a\000s\000\040\000e\000n\000\040\000l\000a\000\040\000t\000e\000r\000m\000i\000n\000a\000l}{chapter.1}% 18
\BOOKMARK [1][-]{section.1.11}{\376\377\0001\000.\0001\0001\000\040\000P\000a\000s\000o\000\040\0007\000:\000\040\000U\000s\000o\000\040\000d\000e\000\040\000g\000r\000p\000c\000-\000G\000a\000t\000e\000w\000a\000y\000\040\000p\000a\000r\000a\000\040\000e\000x\000p\000o\000n\000e\000r\000\040\000e\000l\000\040\000s\000e\000r\000v\000i\000c\000i\000o\000\040\000c\000o\000m\000o\000\040\000u\000n\000\040\000R\000E\000S\000T\000-\000A\000P\000I}{chapter.1}% 19
\BOOKMARK [1][-]{section.1.12}{\376\377\0001\000.\0001\0002\000\040\000P\000a\000s\000o\000\040\0008\000:\000\040\000A\000d\000q\000u\000i\000s\000i\000c\000i\000\363\000n\000\040\000d\000e\000\040\000l\000a\000s\000\040\000c\000o\000o\000r\000d\000e\000n\000a\000d\000a\000s\000\040\000d\000e\000l\000\040\000o\000b\000j\000e\000t\000o\000\040\000d\000e\000s\000d\000e\000\040\000e\000l\000\040\000n\000u\000e\000v\000o\000\040\000R\000E\000S\000T\000-\000A\000P\000I\000\040\000u\000t\000i\000l\000i\000z\000a\000n\000d\000o\000\040\000P\000o\000s\000t\000m\000a\000n\000\040\000o\000\040\000F\000l\000a\000s\000k\000,\000\040\000y\000\040\000g\000u\000a\000r\000d\000a\000r\000\040\000l\000o\000s\000\040\000d\000a\000t\000o\000s\000\040\000e\000n\000\040\000u\000n\000\040\000a\000r\000c\000h\000i\000v\000o\000\040\000J\000S\000O\000N}{chapter.1}% 20
\BOOKMARK [0][-]{chapter.2}{\376\377\0002\000\040\000N\000a\000m\000e\000s\000p\000a\000c\000e\000\040\000I\000n\000d\000e\000x}{}% 21
\BOOKMARK [1][-]{section.2.1}{\376\377\0002\000.\0001\000\040\000N\000a\000m\000e\000s\000p\000a\000c\000e\000\040\000L\000i\000s\000t}{chapter.2}% 22
\BOOKMARK [0][-]{chapter.3}{\376\377\0003\000\040\000H\000i\000e\000r\000a\000r\000c\000h\000i\000c\000a\000l\000\040\000I\000n\000d\000e\000x}{}% 23
\BOOKMARK [1][-]{section.3.1}{\376\377\0003\000.\0001\000\040\000C\000l\000a\000s\000s\000\040\000H\000i\000e\000r\000a\000r\000c\000h\000y}{chapter.3}% 24
\BOOKMARK [0][-]{chapter.4}{\376\377\0004\000\040\000C\000l\000a\000s\000s\000\040\000I\000n\000d\000e\000x}{}% 25
\BOOKMARK [1][-]{section.4.1}{\376\377\0004\000.\0001\000\040\000C\000l\000a\000s\000s\000\040\000L\000i\000s\000t}{chapter.4}% 26
\BOOKMARK [0][-]{chapter.5}{\376\377\0005\000\040\000F\000i\000l\000e\000\040\000I\000n\000d\000e\000x}{}% 27
\BOOKMARK [1][-]{section.5.1}{\376\377\0005\000.\0001\000\040\000F\000i\000l\000e\000\040\000L\000i\000s\000t}{chapter.5}% 28
\BOOKMARK [0][-]{chapter.6}{\376\377\0006\000\040\000N\000a\000m\000e\000s\000p\000a\000c\000e\000\040\000D\000o\000c\000u\000m\000e\000n\000t\000a\000t\000i\000o\000n}{}% 29
\BOOKMARK [1][-]{section.6.1}{\376\377\0006\000.\0001\000\040\000P\000a\000c\000k\000a\000g\000e\000\040\000c\000o\000m\000.\000e\000x\000a\000m\000p\000l\000e}{chapter.6}% 30
\BOOKMARK [1][-]{section.6.2}{\376\377\0006\000.\0002\000\040\000g\000r\000p\000c\000\137\000w\000r\000a\000p\000p\000e\000r\000\040\000N\000a\000m\000e\000s\000p\000a\000c\000e\000\040\000R\000e\000f\000e\000r\000e\000n\000c\000e}{chapter.6}% 31
\BOOKMARK [2][-]{subsection.6.2.1}{\376\377\0006\000.\0002\000.\0001\000\040\000D\000e\000t\000a\000i\000l\000e\000d\000\040\000D\000e\000s\000c\000r\000i\000p\000t\000i\000o\000n}{section.6.2}% 32
\BOOKMARK [2][-]{subsection.6.2.2}{\376\377\0006\000.\0002\000.\0002\000\040\000V\000a\000r\000i\000a\000b\000l\000e\000\040\000D\000o\000c\000u\000m\000e\000n\000t\000a\000t\000i\000o\000n}{section.6.2}% 33
\BOOKMARK [3][-]{subsubsection.6.2.2.1}{\376\377\0006\000.\0002\000.\0002\000.\0001\000\040\000s\000e\000r\000v\000i\000c\000e\000r}{subsection.6.2.2}% 34
\BOOKMARK [1][-]{section.6.3}{\376\377\0006\000.\0003\000\040\000P\000a\000c\000k\000a\000g\000e\000\040\000o\000b\000j\000e\000c\000t\000\137\000p\000o\000s\000i\000t\000i\000o\000n}{chapter.6}% 35
\BOOKMARK [1][-]{section.6.4}{\376\377\0006\000.\0004\000\040\000P\000o\000s\000i\000t\000i\000o\000n\000S\000e\000r\000v\000i\000c\000e\000\137\000p\000b\0002\000\040\000N\000a\000m\000e\000s\000p\000a\000c\000e\000\040\000R\000e\000f\000e\000r\000e\000n\000c\000e}{chapter.6}% 36
\BOOKMARK [2][-]{subsection.6.4.1}{\376\377\0006\000.\0004\000.\0001\000\040\000D\000e\000t\000a\000i\000l\000e\000d\000\040\000D\000e\000s\000c\000r\000i\000p\000t\000i\000o\000n}{section.6.4}% 37
\BOOKMARK [2][-]{subsection.6.4.2}{\376\377\0006\000.\0004\000.\0002\000\040\000V\000a\000r\000i\000a\000b\000l\000e\000\040\000D\000o\000c\000u\000m\000e\000n\000t\000a\000t\000i\000o\000n}{section.6.4}% 38
\BOOKMARK [3][-]{subsubsection.6.4.2.1}{\376\377\0006\000.\0004\000.\0002\000.\0001\000\040\000\137\000o\000p\000t\000i\000o\000n\000s}{subsection.6.4.2}% 39
\BOOKMARK [3][-]{subsubsection.6.4.2.2}{\376\377\0006\000.\0004\000.\0002\000.\0002\000\040\000\137\000s\000e\000r\000i\000a\000l\000i\000z\000e\000d\000\137\000e\000n\000d}{subsection.6.4.2}% 40
\BOOKMARK [3][-]{subsubsection.6.4.2.3}{\376\377\0006\000.\0004\000.\0002\000.\0003\000\040\000\137\000s\000e\000r\000i\000a\000l\000i\000z\000e\000d\000\137\000s\000t\000a\000r\000t}{subsection.6.4.2}% 41
\BOOKMARK [3][-]{subsubsection.6.4.2.4}{\376\377\0006\000.\0004\000.\0002\000.\0004\000\040\000\137\000s\000y\000m\000\137\000d\000b}{subsection.6.4.2}% 42
\BOOKMARK [3][-]{subsubsection.6.4.2.5}{\376\377\0006\000.\0004\000.\0002\000.\0005\000\040\000D\000E\000S\000C\000R\000I\000P\000T\000O\000R}{subsection.6.4.2}% 43
\BOOKMARK [1][-]{section.6.5}{\376\377\0006\000.\0005\000\040\000P\000o\000s\000i\000t\000i\000o\000n\000S\000e\000r\000v\000i\000c\000e\000\137\000p\000b\0002\000\137\000g\000r\000p\000c\000\040\000N\000a\000m\000e\000s\000p\000a\000c\000e\000\040\000R\000e\000f\000e\000r\000e\000n\000c\000e}{chapter.6}% 44
\BOOKMARK [2][-]{subsection.6.5.1}{\376\377\0006\000.\0005\000.\0001\000\040\000D\000e\000t\000a\000i\000l\000e\000d\000\040\000D\000e\000s\000c\000r\000i\000p\000t\000i\000o\000n}{section.6.5}% 45
\BOOKMARK [2][-]{subsection.6.5.2}{\376\377\0006\000.\0005\000.\0002\000\040\000F\000u\000n\000c\000t\000i\000o\000n\000\040\000D\000o\000c\000u\000m\000e\000n\000t\000a\000t\000i\000o\000n}{section.6.5}% 46
\BOOKMARK [3][-]{subsubsection.6.5.2.1}{\376\377\0006\000.\0005\000.\0002\000.\0001\000\040\000a\000d\000d\000\137\000P\000o\000s\000i\000t\000i\000o\000n\000S\000e\000r\000v\000i\000c\000e\000S\000e\000r\000v\000i\000c\000e\000r\000\137\000t\000o\000\137\000s\000e\000r\000v\000e\000r\000\050\000\051}{subsection.6.5.2}% 47
\BOOKMARK [0][-]{chapter.7}{\376\377\0007\000\040\000C\000l\000a\000s\000s\000\040\000D\000o\000c\000u\000m\000e\000n\000t\000a\000t\000i\000o\000n}{}% 48
\BOOKMARK [1][-]{section.7.1}{\376\377\0007\000.\0001\000\040\000c\000o\000m\000.\000e\000x\000a\000m\000p\000l\000e\000.\000A\000p\000p\000\040\000C\000l\000a\000s\000s\000\040\000R\000e\000f\000e\000r\000e\000n\000c\000e}{chapter.7}% 49
\BOOKMARK [2][-]{subsection.7.1.1}{\376\377\0007\000.\0001\000.\0001\000\040\000M\000e\000m\000b\000e\000r\000\040\000F\000u\000n\000c\000t\000i\000o\000n\000\040\000D\000o\000c\000u\000m\000e\000n\000t\000a\000t\000i\000o\000n}{section.7.1}% 50
\BOOKMARK [3][-]{subsubsection.7.1.1.1}{\376\377\0007\000.\0001\000.\0001\000.\0001\000\040\000m\000a\000i\000n\000\050\000\051}{subsection.7.1.1}% 51
\BOOKMARK [1][-]{section.7.2}{\376\377\0007\000.\0002\000\040\000c\000o\000m\000.\000e\000x\000a\000m\000p\000l\000e\000.\000A\000p\000p\000T\000e\000s\000t\000\040\000C\000l\000a\000s\000s\000\040\000R\000e\000f\000e\000r\000e\000n\000c\000e}{chapter.7}% 52
\BOOKMARK [2][-]{subsection.7.2.1}{\376\377\0007\000.\0002\000.\0001\000\040\000D\000e\000t\000a\000i\000l\000e\000d\000\040\000D\000e\000s\000c\000r\000i\000p\000t\000i\000o\000n}{section.7.2}% 53
\BOOKMARK [2][-]{subsection.7.2.2}{\376\377\0007\000.\0002\000.\0002\000\040\000M\000e\000m\000b\000e\000r\000\040\000F\000u\000n\000c\000t\000i\000o\000n\000\040\000D\000o\000c\000u\000m\000e\000n\000t\000a\000t\000i\000o\000n}{section.7.2}% 54
\BOOKMARK [3][-]{subsubsection.7.2.2.1}{\376\377\0007\000.\0002\000.\0002\000.\0001\000\040\000s\000h\000o\000u\000l\000d\000A\000n\000s\000w\000e\000r\000W\000i\000t\000h\000T\000r\000u\000e\000\050\000\051}{subsection.7.2.2}% 55
\BOOKMARK [1][-]{section.7.3}{\376\377\0007\000.\0003\000\040\000o\000b\000j\000e\000c\000t\000\137\000p\000o\000s\000i\000t\000i\000o\000n\000.\000P\000o\000s\000i\000t\000i\000o\000n\000S\000e\000r\000v\000i\000c\000e\000O\000u\000t\000e\000r\000C\000l\000a\000s\000s\000.\000E\000m\000p\000t\000y\000O\000r\000B\000u\000i\000l\000d\000e\000r\000\040\000I\000n\000t\000e\000r\000f\000a\000c\000e\000\040\000R\000e\000f\000e\000r\000e\000n\000c\000e}{chapter.7}% 56
\BOOKMARK [1][-]{section.7.4}{\376\377\0007\000.\0004\000\040\000o\000b\000j\000e\000c\000t\000\137\000p\000o\000s\000i\000t\000i\000o\000n\000.\000P\000o\000s\000i\000t\000i\000o\000n\000S\000e\000r\000v\000i\000c\000e\000O\000u\000t\000e\000r\000C\000l\000a\000s\000s\000.\000P\000o\000s\000i\000t\000i\000o\000n\000O\000r\000B\000u\000i\000l\000d\000e\000r\000\040\000I\000n\000t\000e\000r\000f\000a\000c\000e\000\040\000R\000e\000f\000e\000r\000e\000n\000c\000e}{chapter.7}% 57
\BOOKMARK [2][-]{subsection.7.4.1}{\376\377\0007\000.\0004\000.\0001\000\040\000M\000e\000m\000b\000e\000r\000\040\000F\000u\000n\000c\000t\000i\000o\000n\000\040\000D\000o\000c\000u\000m\000e\000n\000t\000a\000t\000i\000o\000n}{section.7.4}% 58
\BOOKMARK [3][-]{subsubsection.7.4.1.1}{\376\377\0007\000.\0004\000.\0001\000.\0001\000\040\000g\000e\000t\000T\000i\000m\000e\000s\000t\000a\000m\000p\000\050\000\051}{subsection.7.4.1}% 59
\BOOKMARK [3][-]{subsubsection.7.4.1.2}{\376\377\0007\000.\0004\000.\0001\000.\0002\000\040\000g\000e\000t\000X\000\050\000\051}{subsection.7.4.1}% 60
\BOOKMARK [3][-]{subsubsection.7.4.1.3}{\376\377\0007\000.\0004\000.\0001\000.\0003\000\040\000g\000e\000t\000Y\000\050\000\051}{subsection.7.4.1}% 61
\BOOKMARK [1][-]{section.7.5}{\376\377\0007\000.\0005\000\040\000P\000o\000s\000i\000t\000i\000o\000n\000S\000e\000r\000v\000i\000c\000e\000\137\000p\000b\0002\000\137\000g\000r\000p\000c\000.\000P\000o\000s\000i\000t\000i\000o\000n\000S\000e\000r\000v\000i\000c\000e\000\040\000C\000l\000a\000s\000s\000\040\000R\000e\000f\000e\000r\000e\000n\000c\000e}{chapter.7}% 62
\BOOKMARK [2][-]{subsection.7.5.1}{\376\377\0007\000.\0005\000.\0001\000\040\000D\000e\000t\000a\000i\000l\000e\000d\000\040\000D\000e\000s\000c\000r\000i\000p\000t\000i\000o\000n}{section.7.5}% 63
\BOOKMARK [2][-]{subsection.7.5.2}{\376\377\0007\000.\0005\000.\0002\000\040\000M\000e\000m\000b\000e\000r\000\040\000F\000u\000n\000c\000t\000i\000o\000n\000\040\000D\000o\000c\000u\000m\000e\000n\000t\000a\000t\000i\000o\000n}{section.7.5}% 64
\BOOKMARK [3][-]{subsubsection.7.5.2.1}{\376\377\0007\000.\0005\000.\0002\000.\0001\000\040\000S\000e\000n\000d\000P\000o\000s\000i\000t\000i\000o\000n\000\050\000\051}{subsection.7.5.2}% 65
\BOOKMARK [1][-]{section.7.6}{\376\377\0007\000.\0006\000\040\000o\000b\000j\000e\000c\000t\000\137\000p\000o\000s\000i\000t\000i\000o\000n\000.\000P\000o\000s\000i\000t\000i\000o\000n\000S\000e\000r\000v\000i\000c\000e\000G\000r\000p\000c\000\040\000C\000l\000a\000s\000s\000\040\000R\000e\000f\000e\000r\000e\000n\000c\000e}{chapter.7}% 66
\BOOKMARK [2][-]{subsection.7.6.1}{\376\377\0007\000.\0006\000.\0001\000\040\000D\000e\000t\000a\000i\000l\000e\000d\000\040\000D\000e\000s\000c\000r\000i\000p\000t\000i\000o\000n}{section.7.6}% 67
\BOOKMARK [2][-]{subsection.7.6.2}{\376\377\0007\000.\0006\000.\0002\000\040\000M\000e\000m\000b\000e\000r\000\040\000F\000u\000n\000c\000t\000i\000o\000n\000\040\000D\000o\000c\000u\000m\000e\000n\000t\000a\000t\000i\000o\000n}{section.7.6}% 68
\BOOKMARK [3][-]{subsubsection.7.6.2.1}{\376\377\0007\000.\0006\000.\0002\000.\0001\000\040\000g\000e\000t\000S\000e\000n\000d\000P\000o\000s\000i\000t\000i\000o\000n\000M\000e\000t\000h\000o\000d\000\050\000\051}{subsection.7.6.2}% 69
\BOOKMARK [3][-]{subsubsection.7.6.2.2}{\376\377\0007\000.\0006\000.\0002\000.\0002\000\040\000g\000e\000t\000S\000e\000r\000v\000i\000c\000e\000D\000e\000s\000c\000r\000i\000p\000t\000o\000r\000\050\000\051}{subsection.7.6.2}% 70
\BOOKMARK [3][-]{subsubsection.7.6.2.3}{\376\377\0007\000.\0006\000.\0002\000.\0003\000\040\000n\000e\000w\000B\000l\000o\000c\000k\000i\000n\000g\000S\000t\000u\000b\000\050\000\051}{subsection.7.6.2}% 71
\BOOKMARK [3][-]{subsubsection.7.6.2.4}{\376\377\0007\000.\0006\000.\0002\000.\0004\000\040\000n\000e\000w\000F\000u\000t\000u\000r\000e\000S\000t\000u\000b\000\050\000\051}{subsection.7.6.2}% 72
\BOOKMARK [3][-]{subsubsection.7.6.2.5}{\376\377\0007\000.\0006\000.\0002\000.\0005\000\040\000n\000e\000w\000S\000t\000u\000b\000\050\000\051}{subsection.7.6.2}% 73
\BOOKMARK [2][-]{subsection.7.6.3}{\376\377\0007\000.\0006\000.\0003\000\040\000M\000e\000m\000b\000e\000r\000\040\000D\000a\000t\000a\000\040\000D\000o\000c\000u\000m\000e\000n\000t\000a\000t\000i\000o\000n}{section.7.6}% 74
\BOOKMARK [3][-]{subsubsection.7.6.3.1}{\376\377\0007\000.\0006\000.\0003\000.\0001\000\040\000S\000E\000R\000V\000I\000C\000E\000\137\000N\000A\000M\000E}{subsection.7.6.3}% 75
\BOOKMARK [1][-]{section.7.7}{\376\377\0007\000.\0007\000\040\000o\000b\000j\000e\000c\000t\000\137\000p\000o\000s\000i\000t\000i\000o\000n\000.\000P\000o\000s\000i\000t\000i\000o\000n\000S\000e\000r\000v\000i\000c\000e\000O\000u\000t\000e\000r\000C\000l\000a\000s\000s\000\040\000C\000l\000a\000s\000s\000\040\000R\000e\000f\000e\000r\000e\000n\000c\000e}{chapter.7}% 76
\BOOKMARK [2][-]{subsection.7.7.1}{\376\377\0007\000.\0007\000.\0001\000\040\000M\000e\000m\000b\000e\000r\000\040\000F\000u\000n\000c\000t\000i\000o\000n\000\040\000D\000o\000c\000u\000m\000e\000n\000t\000a\000t\000i\000o\000n}{section.7.7}% 77
\BOOKMARK [3][-]{subsubsection.7.7.1.1}{\376\377\0007\000.\0007\000.\0001\000.\0001\000\040\000g\000e\000t\000D\000e\000s\000c\000r\000i\000p\000t\000o\000r\000\050\000\051}{subsection.7.7.1}% 78
\BOOKMARK [3][-]{subsubsection.7.7.1.2}{\376\377\0007\000.\0007\000.\0001\000.\0002\000\040\000r\000e\000g\000i\000s\000t\000e\000r\000A\000l\000l\000E\000x\000t\000e\000n\000s\000i\000o\000n\000s\000\050\000\051\000\040\000[\0001\000/\0002\000]}{subsection.7.7.1}% 79
\BOOKMARK [3][-]{subsubsection.7.7.1.3}{\376\377\0007\000.\0007\000.\0001\000.\0003\000\040\000r\000e\000g\000i\000s\000t\000e\000r\000A\000l\000l\000E\000x\000t\000e\000n\000s\000i\000o\000n\000s\000\050\000\051\000\040\000[\0002\000/\0002\000]}{subsection.7.7.1}% 80
\BOOKMARK [1][-]{section.7.8}{\376\377\0007\000.\0008\000\040\000g\000r\000p\000c\000\137\000w\000r\000a\000p\000p\000e\000r\000.\000P\000o\000s\000i\000t\000i\000o\000n\000S\000e\000r\000v\000i\000c\000e\000S\000e\000r\000v\000i\000c\000e\000r\000\040\000C\000l\000a\000s\000s\000\040\000R\000e\000f\000e\000r\000e\000n\000c\000e}{chapter.7}% 81
\BOOKMARK [2][-]{subsection.7.8.1}{\376\377\0007\000.\0008\000.\0001\000\040\000D\000e\000t\000a\000i\000l\000e\000d\000\040\000D\000e\000s\000c\000r\000i\000p\000t\000i\000o\000n}{section.7.8}% 82
\BOOKMARK [2][-]{subsection.7.8.2}{\376\377\0007\000.\0008\000.\0002\000\040\000C\000o\000n\000s\000t\000r\000u\000c\000t\000o\000r\000\040\000\046\000\040\000D\000e\000s\000t\000r\000u\000c\000t\000o\000r\000\040\000D\000o\000c\000u\000m\000e\000n\000t\000a\000t\000i\000o\000n}{section.7.8}% 83
\BOOKMARK [3][-]{subsubsection.7.8.2.1}{\376\377\0007\000.\0008\000.\0002\000.\0001\000\040\000\137\000\137\000i\000n\000i\000t\000\137\000\137\000\050\000\051}{subsection.7.8.2}% 84
\BOOKMARK [2][-]{subsection.7.8.3}{\376\377\0007\000.\0008\000.\0003\000\040\000M\000e\000m\000b\000e\000r\000\040\000F\000u\000n\000c\000t\000i\000o\000n\000\040\000D\000o\000c\000u\000m\000e\000n\000t\000a\000t\000i\000o\000n}{section.7.8}% 85
\BOOKMARK [3][-]{subsubsection.7.8.3.1}{\376\377\0007\000.\0008\000.\0003\000.\0001\000\040\000c\000a\000l\000l\000b\000a\000c\000k\000\050\000\051}{subsection.7.8.3}% 86
\BOOKMARK [3][-]{subsubsection.7.8.3.2}{\376\377\0007\000.\0008\000.\0003\000.\0002\000\040\000S\000e\000n\000d\000P\000o\000s\000i\000t\000i\000o\000n\000\050\000\051}{subsection.7.8.3}% 87
\BOOKMARK [3][-]{subsubsection.7.8.3.3}{\376\377\0007\000.\0008\000.\0003\000.\0003\000\040\000s\000e\000r\000v\000e\000\050\000\051}{subsection.7.8.3}% 88
\BOOKMARK [3][-]{subsubsection.7.8.3.4}{\376\377\0007\000.\0008\000.\0003\000.\0004\000\040\000s\000e\000r\000v\000e\000r\000S\000t\000o\000p\000\050\000\051}{subsection.7.8.3}% 89
\BOOKMARK [2][-]{subsection.7.8.4}{\376\377\0007\000.\0008\000.\0004\000\040\000M\000e\000m\000b\000e\000r\000\040\000D\000a\000t\000a\000\040\000D\000o\000c\000u\000m\000e\000n\000t\000a\000t\000i\000o\000n}{section.7.8}% 90
\BOOKMARK [3][-]{subsubsection.7.8.4.1}{\376\377\0007\000.\0008\000.\0004\000.\0001\000\040\000c\000a\000l\000l\000b\000a\000c\000k}{subsection.7.8.4}% 91
\BOOKMARK [3][-]{subsubsection.7.8.4.2}{\376\377\0007\000.\0008\000.\0004\000.\0002\000\040\000l\000a\000t\000e\000s\000t\000\137\000m\000e\000s\000s\000a\000g\000e}{subsection.7.8.4}% 92
\BOOKMARK [3][-]{subsubsection.7.8.4.3}{\376\377\0007\000.\0008\000.\0004\000.\0003\000\040\000s\000e\000r\000v\000e\000r}{subsection.7.8.4}% 93
\BOOKMARK [1][-]{section.7.9}{\376\377\0007\000.\0009\000\040\000P\000o\000s\000i\000t\000i\000o\000n\000S\000e\000r\000v\000i\000c\000e\000\137\000p\000b\0002\000\137\000g\000r\000p\000c\000.\000P\000o\000s\000i\000t\000i\000o\000n\000S\000e\000r\000v\000i\000c\000e\000S\000e\000r\000v\000i\000c\000e\000r\000\040\000C\000l\000a\000s\000s\000\040\000R\000e\000f\000e\000r\000e\000n\000c\000e}{chapter.7}% 94
\BOOKMARK [2][-]{subsection.7.9.1}{\376\377\0007\000.\0009\000.\0001\000\040\000D\000e\000t\000a\000i\000l\000e\000d\000\040\000D\000e\000s\000c\000r\000i\000p\000t\000i\000o\000n}{section.7.9}% 95
\BOOKMARK [2][-]{subsection.7.9.2}{\376\377\0007\000.\0009\000.\0002\000\040\000M\000e\000m\000b\000e\000r\000\040\000F\000u\000n\000c\000t\000i\000o\000n\000\040\000D\000o\000c\000u\000m\000e\000n\000t\000a\000t\000i\000o\000n}{section.7.9}% 96
\BOOKMARK [3][-]{subsubsection.7.9.2.1}{\376\377\0007\000.\0009\000.\0002\000.\0001\000\040\000S\000e\000n\000d\000P\000o\000s\000i\000t\000i\000o\000n\000\050\000\051}{subsection.7.9.2}% 97
\BOOKMARK [1][-]{section.7.10}{\376\377\0007\000.\0001\0000\000\040\000P\000o\000s\000i\000t\000i\000o\000n\000S\000e\000r\000v\000i\000c\000e\000\137\000p\000b\0002\000\137\000g\000r\000p\000c\000.\000P\000o\000s\000i\000t\000i\000o\000n\000S\000e\000r\000v\000i\000c\000e\000S\000t\000u\000b\000\040\000C\000l\000a\000s\000s\000\040\000R\000e\000f\000e\000r\000e\000n\000c\000e}{chapter.7}% 98
\BOOKMARK [2][-]{subsection.7.10.1}{\376\377\0007\000.\0001\0000\000.\0001\000\040\000D\000e\000t\000a\000i\000l\000e\000d\000\040\000D\000e\000s\000c\000r\000i\000p\000t\000i\000o\000n}{section.7.10}% 99
\BOOKMARK [2][-]{subsection.7.10.2}{\376\377\0007\000.\0001\0000\000.\0002\000\040\000C\000o\000n\000s\000t\000r\000u\000c\000t\000o\000r\000\040\000\046\000\040\000D\000e\000s\000t\000r\000u\000c\000t\000o\000r\000\040\000D\000o\000c\000u\000m\000e\000n\000t\000a\000t\000i\000o\000n}{section.7.10}% 100
\BOOKMARK [3][-]{subsubsection.7.10.2.1}{\376\377\0007\000.\0001\0000\000.\0002\000.\0001\000\040\000\137\000\137\000i\000n\000i\000t\000\137\000\137\000\050\000\051}{subsection.7.10.2}% 101
\BOOKMARK [2][-]{subsection.7.10.3}{\376\377\0007\000.\0001\0000\000.\0003\000\040\000M\000e\000m\000b\000e\000r\000\040\000D\000a\000t\000a\000\040\000D\000o\000c\000u\000m\000e\000n\000t\000a\000t\000i\000o\000n}{section.7.10}% 102
\BOOKMARK [3][-]{subsubsection.7.10.3.1}{\376\377\0007\000.\0001\0000\000.\0003\000.\0001\000\040\000S\000e\000n\000d\000P\000o\000s\000i\000t\000i\000o\000n}{subsection.7.10.3}% 103
\BOOKMARK [0][-]{chapter.8}{\376\377\0008\000\040\000F\000i\000l\000e\000\040\000D\000o\000c\000u\000m\000e\000n\000t\000a\000t\000i\000o\000n}{}% 104
\BOOKMARK [1][-]{section.8.1}{\376\377\0008\000.\0001\000\040\000s\000r\000c\000/\000p\000y\000c\000a\000m\000/\000d\000o\000c\000u\000m\000e\000n\000t\000a\000t\000i\000o\000n\000/\000d\000o\000c\000u\000m\000e\000n\000t\000a\000c\000i\000o\000n\000.\000d\000o\000x\000\040\000F\000i\000l\000e\000\040\000R\000e\000f\000e\000r\000e\000n\000c\000e}{chapter.8}% 105
\BOOKMARK [2][-]{subsection.8.1.1}{\376\377\0008\000.\0001\000.\0001\000\040\000F\000u\000n\000c\000t\000i\000o\000n\000\040\000D\000o\000c\000u\000m\000e\000n\000t\000a\000t\000i\000o\000n}{section.8.1}% 106
\BOOKMARK [3][-]{subsubsection.8.1.1.1}{\376\377\0008\000.\0001\000.\0001\000.\0001\000\040\000c\000o\000m\000p\000a\000r\000t\000i\000d\000a\000\050\000\051}{subsection.8.1.1}% 107
\BOOKMARK [2][-]{subsection.8.1.2}{\376\377\0008\000.\0001\000.\0002\000\040\000V\000a\000r\000i\000a\000b\000l\000e\000\040\000D\000o\000c\000u\000m\000e\000n\000t\000a\000t\000i\000o\000n}{section.8.1}% 108
\BOOKMARK [3][-]{subsubsection.8.1.2.1}{\376\377\0008\000.\0001\000.\0002\000.\0001\000\040\000e\000j\000e\000m\000p\000l\000o}{subsection.8.1.2}% 109
\BOOKMARK [3][-]{subsubsection.8.1.2.2}{\376\377\0008\000.\0001\000.\0002\000.\0002\000\040\000e\000n\000t\000e\000r\000o}{subsection.8.1.2}% 110
\BOOKMARK [3][-]{subsubsection.8.1.2.3}{\376\377\0008\000.\0001\000.\0002\000.\0003\000\040\000P\000a\000s\000o}{subsection.8.1.2}% 111
\BOOKMARK [1][-]{section.8.2}{\376\377\0008\000.\0002\000\040\000s\000r\000c\000/\000p\000y\000c\000a\000m\000/\000g\000o\000/\000p\000o\000s\000i\000t\000i\000o\000n\000G\000a\000t\000e\000w\000a\000y\000/\000P\000o\000s\000i\000t\000i\000o\000n\000S\000e\000r\000v\000i\000c\000e\000G\000o\000.\000p\000r\000o\000t\000o\000\040\000F\000i\000l\000e\000\040\000R\000e\000f\000e\000r\000e\000n\000c\000e}{chapter.8}% 112
\BOOKMARK [1][-]{section.8.3}{\376\377\0008\000.\0003\000\040\000s\000r\000c\000/\000p\000y\000c\000a\000m\000/\000i\000n\000c\000l\000u\000d\000e\000/\000p\000y\000c\000a\000m\000/\000m\000u\000l\000t\000i\000p\000l\000y\000.\000c\000p\000p\000\040\000F\000i\000l\000e\000\040\000R\000e\000f\000e\000r\000e\000n\000c\000e}{chapter.8}% 113
\BOOKMARK [2][-]{subsection.8.3.1}{\376\377\0008\000.\0003\000.\0001\000\040\000D\000e\000t\000a\000i\000l\000e\000d\000\040\000D\000e\000s\000c\000r\000i\000p\000t\000i\000o\000n}{section.8.3}% 114
\BOOKMARK [2][-]{subsection.8.3.2}{\376\377\0008\000.\0003\000.\0002\000\040\000F\000u\000n\000c\000t\000i\000o\000n\000\040\000D\000o\000c\000u\000m\000e\000n\000t\000a\000t\000i\000o\000n}{section.8.3}% 115
\BOOKMARK [3][-]{subsubsection.8.3.2.1}{\376\377\0008\000.\0003\000.\0002\000.\0001\000\040\000m\000u\000l\000t\000i\000p\000l\000y\000\050\000\051}{subsection.8.3.2}% 116
\BOOKMARK [1][-]{section.8.4}{\376\377\0008\000.\0004\000\040\000s\000r\000c\000/\000p\000y\000c\000a\000m\000/\000i\000n\000c\000l\000u\000d\000e\000/\000p\000y\000c\000a\000m\000/\000m\000u\000l\000t\000i\000p\000l\000y\000.\000h\000\040\000F\000i\000l\000e\000\040\000R\000e\000f\000e\000r\000e\000n\000c\000e}{chapter.8}% 117
\BOOKMARK [2][-]{subsection.8.4.1}{\376\377\0008\000.\0004\000.\0001\000\040\000D\000e\000t\000a\000i\000l\000e\000d\000\040\000D\000e\000s\000c\000r\000i\000p\000t\000i\000o\000n}{section.8.4}% 118
\BOOKMARK [2][-]{subsection.8.4.2}{\376\377\0008\000.\0004\000.\0002\000\040\000F\000u\000n\000c\000t\000i\000o\000n\000\040\000D\000o\000c\000u\000m\000e\000n\000t\000a\000t\000i\000o\000n}{section.8.4}% 119
\BOOKMARK [3][-]{subsubsection.8.4.2.1}{\376\377\0008\000.\0004\000.\0002\000.\0001\000\040\000m\000u\000l\000t\000i\000p\000l\000y\000\050\000\051}{subsection.8.4.2}% 120
\BOOKMARK [1][-]{section.8.5}{\376\377\0008\000.\0005\000\040\000m\000u\000l\000t\000i\000p\000l\000y\000.\000h}{chapter.8}% 121
\BOOKMARK [1][-]{section.8.6}{\376\377\0008\000.\0006\000\040\000s\000r\000c\000/\000p\000y\000c\000a\000m\000/\000p\000r\000o\000t\000o\000/\000P\000o\000s\000i\000t\000i\000o\000n\000S\000e\000r\000v\000i\000c\000e\000.\000p\000r\000o\000t\000o\000\040\000F\000i\000l\000e\000\040\000R\000e\000f\000e\000r\000e\000n\000c\000e}{chapter.8}% 122
\BOOKMARK [1][-]{section.8.7}{\376\377\0008\000.\0007\000\040\000s\000r\000c\000/\000p\000y\000c\000a\000m\000/\000w\000i\000n\000d\000o\000w\000s\000/\000d\000e\000m\000o\000/\000s\000r\000c\000/\000m\000a\000i\000n\000/\000r\000e\000s\000o\000u\000r\000c\000e\000s\000/\000p\000r\000o\000t\000o\000/\000P\000o\000s\000i\000t\000i\000o\000n\000S\000e\000r\000v\000i\000c\000e\000.\000p\000r\000o\000t\000o\000\040\000F\000i\000l\000e\000\040\000R\000e\000f\000e\000r\000e\000n\000c\000e}{chapter.8}% 123
\BOOKMARK [1][-]{section.8.8}{\376\377\0008\000.\0008\000\040\000s\000r\000c\000/\000p\000y\000c\000a\000m\000/\000w\000i\000n\000d\000o\000w\000s\000/\000d\000e\000m\000o\000/\000t\000a\000r\000g\000e\000t\000/\000c\000l\000a\000s\000s\000e\000s\000/\000P\000o\000s\000i\000t\000i\000o\000n\000S\000e\000r\000v\000i\000c\000e\000.\000p\000r\000o\000t\000o\000\040\000F\000i\000l\000e\000\040\000R\000e\000f\000e\000r\000e\000n\000c\000e}{chapter.8}% 124
\BOOKMARK [1][-]{section.8.9}{\376\377\0008\000.\0009\000\040\000s\000r\000c\000/\000p\000y\000c\000a\000m\000/\000w\000i\000n\000d\000o\000w\000s\000/\000d\000e\000m\000o\000/\000t\000a\000r\000g\000e\000t\000/\000c\000l\000a\000s\000s\000e\000s\000/\000p\000r\000o\000t\000o\000/\000P\000o\000s\000i\000t\000i\000o\000n\000S\000e\000r\000v\000i\000c\000e\000.\000p\000r\000o\000t\000o\000\040\000F\000i\000l\000e\000\040\000R\000e\000f\000e\000r\000e\000n\000c\000e}{chapter.8}% 125
\BOOKMARK [1][-]{section.8.10}{\376\377\0008\000.\0001\0000\000\040\000s\000r\000c\000/\000p\000y\000c\000a\000m\000/\000s\000r\000c\000/\000e\000n\000a\000b\000l\000e\000\137\000c\000a\000m\000e\000r\000a\000.\000c\000p\000p\000\040\000F\000i\000l\000e\000\040\000R\000e\000f\000e\000r\000e\000n\000c\000e}{chapter.8}% 126
\BOOKMARK [2][-]{subsection.8.10.1}{\376\377\0008\000.\0001\0000\000.\0001\000\040\000F\000u\000n\000c\000t\000i\000o\000n\000\040\000D\000o\000c\000u\000m\000e\000n\000t\000a\000t\000i\000o\000n}{section.8.10}% 127
\BOOKMARK [3][-]{subsubsection.8.10.1.1}{\376\377\0008\000.\0001\0000\000.\0001\000.\0001\000\040\000m\000a\000i\000n\000\050\000\051}{subsection.8.10.1}% 128
\BOOKMARK [1][-]{section.8.11}{\376\377\0008\000.\0001\0001\000\040\000s\000r\000c\000/\000p\000y\000c\000a\000m\000/\000s\000r\000c\000/\000g\000r\000p\000c\000\137\000w\000r\000a\000p\000p\000e\000r\000.\000p\000y\000\040\000F\000i\000l\000e\000\040\000R\000e\000f\000e\000r\000e\000n\000c\000e}{chapter.8}% 129
\BOOKMARK [1][-]{section.8.12}{\376\377\0008\000.\0001\0002\000\040\000s\000r\000c\000/\000p\000y\000c\000a\000m\000/\000s\000r\000c\000/\000P\000o\000s\000i\000t\000i\000o\000n\000S\000e\000r\000v\000i\000c\000e\000\137\000p\000b\0002\000.\000p\000y\000\040\000F\000i\000l\000e\000\040\000R\000e\000f\000e\000r\000e\000n\000c\000e}{chapter.8}% 130
\BOOKMARK [1][-]{section.8.13}{\376\377\0008\000.\0001\0003\000\040\000s\000r\000c\000/\000p\000y\000c\000a\000m\000/\000s\000r\000c\000/\000P\000o\000s\000i\000t\000i\000o\000n\000S\000e\000r\000v\000i\000c\000e\000\137\000p\000b\0002\000\137\000g\000r\000p\000c\000.\000p\000y\000\040\000F\000i\000l\000e\000\040\000R\000e\000f\000e\000r\000e\000n\000c\000e}{chapter.8}% 131
\BOOKMARK [1][-]{section.8.14}{\376\377\0008\000.\0001\0004\000\040\000s\000r\000c\000/\000p\000y\000c\000a\000m\000/\000w\000i\000n\000d\000o\000w\000s\000/\000d\000e\000m\000o\000/\000s\000r\000c\000/\000m\000a\000i\000n\000/\000j\000a\000v\000a\000/\000c\000o\000m\000/\000e\000x\000a\000m\000p\000l\000e\000/\000A\000p\000p\000.\000j\000a\000v\000a\000\040\000F\000i\000l\000e\000\040\000R\000e\000f\000e\000r\000e\000n\000c\000e}{chapter.8}% 132
\BOOKMARK [2][-]{subsection.8.14.1}{\376\377\0008\000.\0001\0004\000.\0001\000\040\000D\000e\000t\000a\000i\000l\000e\000d\000\040\000D\000e\000s\000c\000r\000i\000p\000t\000i\000o\000n}{section.8.14}% 133
\BOOKMARK [1][-]{section.8.15}{\376\377\0008\000.\0001\0005\000\040\000s\000r\000c\000/\000p\000y\000c\000a\000m\000/\000w\000i\000n\000d\000o\000w\000s\000/\000d\000e\000m\000o\000/\000s\000r\000c\000/\000m\000a\000i\000n\000/\000j\000a\000v\000a\000/\000o\000b\000j\000e\000c\000t\000\137\000p\000o\000s\000i\000t\000i\000o\000n\000/\000P\000o\000s\000i\000t\000i\000o\000n\000S\000e\000r\000v\000i\000c\000e\000G\000r\000p\000c\000.\000j\000a\000v\000a\000\040\000F\000i\000l\000e\000\040\000R\000e\000f\000e\000r\000e\000n\000c\000e}{chapter.8}% 134
\BOOKMARK [1][-]{section.8.16}{\376\377\0008\000.\0001\0006\000\040\000s\000r\000c\000/\000p\000y\000c\000a\000m\000/\000w\000i\000n\000d\000o\000w\000s\000/\000d\000e\000m\000o\000/\000s\000r\000c\000/\000m\000a\000i\000n\000/\000j\000a\000v\000a\000/\000o\000b\000j\000e\000c\000t\000\137\000p\000o\000s\000i\000t\000i\000o\000n\000/\000P\000o\000s\000i\000t\000i\000o\000n\000S\000e\000r\000v\000i\000c\000e\000O\000u\000t\000e\000r\000C\000l\000a\000s\000s\000.\000j\000a\000v\000a\000\040\000F\000i\000l\000e\000\040\000R\000e\000f\000e\000r\000e\000n\000c\000e}{chapter.8}% 135
\BOOKMARK [1][-]{section.8.17}{\376\377\0008\000.\0001\0007\000\040\000s\000r\000c\000/\000p\000y\000c\000a\000m\000/\000w\000i\000n\000d\000o\000w\000s\000/\000d\000e\000m\000o\000/\000s\000r\000c\000/\000t\000e\000s\000t\000/\000j\000a\000v\000a\000/\000c\000o\000m\000/\000e\000x\000a\000m\000p\000l\000e\000/\000A\000p\000p\000T\000e\000s\000t\000.\000j\000a\000v\000a\000\040\000F\000i\000l\000e\000\040\000R\000e\000f\000e\000r\000e\000n\000c\000e}{chapter.8}% 136
\BOOKMARK [1][-]{section.8.18}{\376\377\0008\000.\0001\0008\000\040\000s\000r\000c\000/\000p\000y\000c\000a\000m\000/\000w\000i\000n\000d\000o\000w\000s\000/\000d\000e\000m\000o\000/\000t\000a\000r\000g\000e\000t\000/\000p\000r\000o\000t\000o\000c\000-\000d\000e\000p\000e\000n\000d\000e\000n\000c\000i\000e\000s\000/\0003\000a\000b\0007\000e\000f\0009\000f\0008\0005\0004\0000\000c\0002\0009\0001\0007\000d\000a\0002\0007\0007\0008\0007\0001\0006\0003\0002\0003\0000\0008\000e\000/\000g\000o\000o\000g\000l\000e\000/\000p\000r\000o\000t\000o\000b\000u\000f\000/\000a\000n\000y\000.\000p\000r\000o\000t\000o\000\040\000F\000i\000l\000e\000\040\000R\000e\000f\000e\000r\000e\000n\000c\000e}{chapter.8}% 137
\BOOKMARK [1][-]{section.8.19}{\376\377\0008\000.\0001\0009\000\040\000s\000r\000c\000/\000p\000y\000c\000a\000m\000/\000w\000i\000n\000d\000o\000w\000s\000/\000d\000e\000m\000o\000/\000t\000a\000r\000g\000e\000t\000/\000p\000r\000o\000t\000o\000c\000-\000d\000e\000p\000e\000n\000d\000e\000n\000c\000i\000e\000s\000/\0003\000a\000b\0007\000e\000f\0009\000f\0008\0005\0004\0000\000c\0002\0009\0001\0007\000d\000a\0002\0007\0007\0008\0007\0001\0006\0003\0002\0003\0000\0008\000e\000/\000g\000o\000o\000g\000l\000e\000/\000p\000r\000o\000t\000o\000b\000u\000f\000/\000a\000p\000i\000.\000p\000r\000o\000t\000o\000\040\000F\000i\000l\000e\000\040\000R\000e\000f\000e\000r\000e\000n\000c\000e}{chapter.8}% 138
\BOOKMARK [1][-]{section.8.20}{\376\377\0008\000.\0002\0000\000\040\000s\000r\000c\000/\000p\000y\000c\000a\000m\000/\000w\000i\000n\000d\000o\000w\000s\000/\000d\000e\000m\000o\000/\000t\000a\000r\000g\000e\000t\000/\000p\000r\000o\000t\000o\000c\000-\000d\000e\000p\000e\000n\000d\000e\000n\000c\000i\000e\000s\000/\0003\000a\000b\0007\000e\000f\0009\000f\0008\0005\0004\0000\000c\0002\0009\0001\0007\000d\000a\0002\0007\0007\0008\0007\0001\0006\0003\0002\0003\0000\0008\000e\000/\000g\000o\000o\000g\000l\000e\000/\000p\000r\000o\000t\000o\000b\000u\000f\000/\000c\000o\000m\000p\000i\000l\000e\000r\000/\000p\000l\000u\000g\000i\000n\000.\000p\000r\000o\000t\000o\000\040\000F\000i\000l\000e\000\040\000R\000e\000f\000e\000r\000e\000n\000c\000e}{chapter.8}% 139
\BOOKMARK [1][-]{section.8.21}{\376\377\0008\000.\0002\0001\000\040\000s\000r\000c\000/\000p\000y\000c\000a\000m\000/\000w\000i\000n\000d\000o\000w\000s\000/\000d\000e\000m\000o\000/\000t\000a\000r\000g\000e\000t\000/\000p\000r\000o\000t\000o\000c\000-\000d\000e\000p\000e\000n\000d\000e\000n\000c\000i\000e\000s\000/\0003\000a\000b\0007\000e\000f\0009\000f\0008\0005\0004\0000\000c\0002\0009\0001\0007\000d\000a\0002\0007\0007\0008\0007\0001\0006\0003\0002\0003\0000\0008\000e\000/\000g\000o\000o\000g\000l\000e\000/\000p\000r\000o\000t\000o\000b\000u\000f\000/\000d\000e\000s\000c\000r\000i\000p\000t\000o\000r\000.\000p\000r\000o\000t\000o\000\040\000F\000i\000l\000e\000\040\000R\000e\000f\000e\000r\000e\000n\000c\000e}{chapter.8}% 140
\BOOKMARK [1][-]{section.8.22}{\376\377\0008\000.\0002\0002\000\040\000s\000r\000c\000/\000p\000y\000c\000a\000m\000/\000w\000i\000n\000d\000o\000w\000s\000/\000d\000e\000m\000o\000/\000t\000a\000r\000g\000e\000t\000/\000p\000r\000o\000t\000o\000c\000-\000d\000e\000p\000e\000n\000d\000e\000n\000c\000i\000e\000s\000/\0003\000a\000b\0007\000e\000f\0009\000f\0008\0005\0004\0000\000c\0002\0009\0001\0007\000d\000a\0002\0007\0007\0008\0007\0001\0006\0003\0002\0003\0000\0008\000e\000/\000g\000o\000o\000g\000l\000e\000/\000p\000r\000o\000t\000o\000b\000u\000f\000/\000d\000u\000r\000a\000t\000i\000o\000n\000.\000p\000r\000o\000t\000o\000\040\000F\000i\000l\000e\000\040\000R\000e\000f\000e\000r\000e\000n\000c\000e}{chapter.8}% 141
\BOOKMARK [1][-]{section.8.23}{\376\377\0008\000.\0002\0003\000\040\000s\000r\000c\000/\000p\000y\000c\000a\000m\000/\000w\000i\000n\000d\000o\000w\000s\000/\000d\000e\000m\000o\000/\000t\000a\000r\000g\000e\000t\000/\000p\000r\000o\000t\000o\000c\000-\000d\000e\000p\000e\000n\000d\000e\000n\000c\000i\000e\000s\000/\0003\000a\000b\0007\000e\000f\0009\000f\0008\0005\0004\0000\000c\0002\0009\0001\0007\000d\000a\0002\0007\0007\0008\0007\0001\0006\0003\0002\0003\0000\0008\000e\000/\000g\000o\000o\000g\000l\000e\000/\000p\000r\000o\000t\000o\000b\000u\000f\000/\000e\000m\000p\000t\000y\000.\000p\000r\000o\000t\000o\000\040\000F\000i\000l\000e\000\040\000R\000e\000f\000e\000r\000e\000n\000c\000e}{chapter.8}% 142
\BOOKMARK [1][-]{section.8.24}{\376\377\0008\000.\0002\0004\000\040\000s\000r\000c\000/\000p\000y\000c\000a\000m\000/\000w\000i\000n\000d\000o\000w\000s\000/\000d\000e\000m\000o\000/\000t\000a\000r\000g\000e\000t\000/\000p\000r\000o\000t\000o\000c\000-\000d\000e\000p\000e\000n\000d\000e\000n\000c\000i\000e\000s\000/\0003\000a\000b\0007\000e\000f\0009\000f\0008\0005\0004\0000\000c\0002\0009\0001\0007\000d\000a\0002\0007\0007\0008\0007\0001\0006\0003\0002\0003\0000\0008\000e\000/\000g\000o\000o\000g\000l\000e\000/\000p\000r\000o\000t\000o\000b\000u\000f\000/\000f\000i\000e\000l\000d\000\137\000m\000a\000s\000k\000.\000p\000r\000o\000t\000o\000\040\000F\000i\000l\000e\000\040\000R\000e\000f\000e\000r\000e\000n\000c\000e}{chapter.8}% 143
\BOOKMARK [1][-]{section.8.25}{\376\377\0008\000.\0002\0005\000\040\000s\000r\000c\000/\000p\000y\000c\000a\000m\000/\000w\000i\000n\000d\000o\000w\000s\000/\000d\000e\000m\000o\000/\000t\000a\000r\000g\000e\000t\000/\000p\000r\000o\000t\000o\000c\000-\000d\000e\000p\000e\000n\000d\000e\000n\000c\000i\000e\000s\000/\0003\000a\000b\0007\000e\000f\0009\000f\0008\0005\0004\0000\000c\0002\0009\0001\0007\000d\000a\0002\0007\0007\0008\0007\0001\0006\0003\0002\0003\0000\0008\000e\000/\000g\000o\000o\000g\000l\000e\000/\000p\000r\000o\000t\000o\000b\000u\000f\000/\000s\000o\000u\000r\000c\000e\000\137\000c\000o\000n\000t\000e\000x\000t\000.\000p\000r\000o\000t\000o\000\040\000F\000i\000l\000e\000\040\000R\000e\000f\000e\000r\000e\000n\000c\000e}{chapter.8}% 144
\BOOKMARK [1][-]{section.8.26}{\376\377\0008\000.\0002\0006\000\040\000s\000r\000c\000/\000p\000y\000c\000a\000m\000/\000w\000i\000n\000d\000o\000w\000s\000/\000d\000e\000m\000o\000/\000t\000a\000r\000g\000e\000t\000/\000p\000r\000o\000t\000o\000c\000-\000d\000e\000p\000e\000n\000d\000e\000n\000c\000i\000e\000s\000/\0003\000a\000b\0007\000e\000f\0009\000f\0008\0005\0004\0000\000c\0002\0009\0001\0007\000d\000a\0002\0007\0007\0008\0007\0001\0006\0003\0002\0003\0000\0008\000e\000/\000g\000o\000o\000g\000l\000e\000/\000p\000r\000o\000t\000o\000b\000u\000f\000/\000s\000t\000r\000u\000c\000t\000.\000p\000r\000o\000t\000o\000\040\000F\000i\000l\000e\000\040\000R\000e\000f\000e\000r\000e\000n\000c\000e}{chapter.8}% 145
\BOOKMARK [1][-]{section.8.27}{\376\377\0008\000.\0002\0007\000\040\000s\000r\000c\000/\000p\000y\000c\000a\000m\000/\000w\000i\000n\000d\000o\000w\000s\000/\000d\000e\000m\000o\000/\000t\000a\000r\000g\000e\000t\000/\000p\000r\000o\000t\000o\000c\000-\000d\000e\000p\000e\000n\000d\000e\000n\000c\000i\000e\000s\000/\0003\000a\000b\0007\000e\000f\0009\000f\0008\0005\0004\0000\000c\0002\0009\0001\0007\000d\000a\0002\0007\0007\0008\0007\0001\0006\0003\0002\0003\0000\0008\000e\000/\000g\000o\000o\000g\000l\000e\000/\000p\000r\000o\000t\000o\000b\000u\000f\000/\000t\000i\000m\000e\000s\000t\000a\000m\000p\000.\000p\000r\000o\000t\000o\000\040\000F\000i\000l\000e\000\040\000R\000e\000f\000e\000r\000e\000n\000c\000e}{chapter.8}% 146
\BOOKMARK [1][-]{section.8.28}{\376\377\0008\000.\0002\0008\000\040\000s\000r\000c\000/\000p\000y\000c\000a\000m\000/\000w\000i\000n\000d\000o\000w\000s\000/\000d\000e\000m\000o\000/\000t\000a\000r\000g\000e\000t\000/\000p\000r\000o\000t\000o\000c\000-\000d\000e\000p\000e\000n\000d\000e\000n\000c\000i\000e\000s\000/\0003\000a\000b\0007\000e\000f\0009\000f\0008\0005\0004\0000\000c\0002\0009\0001\0007\000d\000a\0002\0007\0007\0008\0007\0001\0006\0003\0002\0003\0000\0008\000e\000/\000g\000o\000o\000g\000l\000e\000/\000p\000r\000o\000t\000o\000b\000u\000f\000/\000t\000y\000p\000e\000.\000p\000r\000o\000t\000o\000\040\000F\000i\000l\000e\000\040\000R\000e\000f\000e\000r\000e\000n\000c\000e}{chapter.8}% 147
\BOOKMARK [1][-]{section.8.29}{\376\377\0008\000.\0002\0009\000\040\000s\000r\000c\000/\000p\000y\000c\000a\000m\000/\000w\000i\000n\000d\000o\000w\000s\000/\000d\000e\000m\000o\000/\000t\000a\000r\000g\000e\000t\000/\000p\000r\000o\000t\000o\000c\000-\000d\000e\000p\000e\000n\000d\000e\000n\000c\000i\000e\000s\000/\0003\000a\000b\0007\000e\000f\0009\000f\0008\0005\0004\0000\000c\0002\0009\0001\0007\000d\000a\0002\0007\0007\0008\0007\0001\0006\0003\0002\0003\0000\0008\000e\000/\000g\000o\000o\000g\000l\000e\000/\000p\000r\000o\000t\000o\000b\000u\000f\000/\000w\000r\000a\000p\000p\000e\000r\000s\000.\000p\000r\000o\000t\000o\000\040\000F\000i\000l\000e\000\040\000R\000e\000f\000e\000r\000e\000n\000c\000e}{chapter.8}% 148
\BOOKMARK [1][-]{section.8.30}{\376\377\0008\000.\0003\0000\000\040\000s\000r\000c\000/\000p\000y\000c\000a\000m\000/\000w\000i\000n\000d\000o\000w\000s\000/\000d\000e\000m\000o\000/\000t\000a\000r\000g\000e\000t\000/\000p\000r\000o\000t\000o\000c\000-\000d\000e\000p\000e\000n\000d\000e\000n\000c\000i\000e\000s\000/\0006\0002\0006\000b\000e\000d\0007\000a\000b\0004\000c\000e\0003\0005\0002\0008\0008\0006\000b\0006\000d\000e\0008\0005\0004\0004\0007\0004\0005\0003\000e\0005\000/\000g\000o\000o\000g\000l\000e\000/\000a\000p\000i\000/\000a\000n\000n\000o\000t\000a\000t\000i\000o\000n\000s\000.\000p\000r\000o\000t\000o\000\040\000F\000i\000l\000e\000\040\000R\000e\000f\000e\000r\000e\000n\000c\000e}{chapter.8}% 149
\BOOKMARK [1][-]{section.8.31}{\376\377\0008\000.\0003\0001\000\040\000s\000r\000c\000/\000p\000y\000c\000a\000m\000/\000w\000i\000n\000d\000o\000w\000s\000/\000d\000e\000m\000o\000/\000t\000a\000r\000g\000e\000t\000/\000p\000r\000o\000t\000o\000c\000-\000d\000e\000p\000e\000n\000d\000e\000n\000c\000i\000e\000s\000/\0006\0002\0006\000b\000e\000d\0007\000a\000b\0004\000c\000e\0003\0005\0002\0008\0008\0006\000b\0006\000d\000e\0008\0005\0004\0004\0007\0004\0005\0003\000e\0005\000/\000g\000o\000o\000g\000l\000e\000/\000a\000p\000i\000/\000a\000u\000t\000h\000.\000p\000r\000o\000t\000o\000\040\000F\000i\000l\000e\000\040\000R\000e\000f\000e\000r\000e\000n\000c\000e}{chapter.8}% 150
\BOOKMARK [1][-]{section.8.32}{\376\377\0008\000.\0003\0002\000\040\000s\000r\000c\000/\000p\000y\000c\000a\000m\000/\000w\000i\000n\000d\000o\000w\000s\000/\000d\000e\000m\000o\000/\000t\000a\000r\000g\000e\000t\000/\000p\000r\000o\000t\000o\000c\000-\000d\000e\000p\000e\000n\000d\000e\000n\000c\000i\000e\000s\000/\0006\0002\0006\000b\000e\000d\0007\000a\000b\0004\000c\000e\0003\0005\0002\0008\0008\0006\000b\0006\000d\000e\0008\0005\0004\0004\0007\0004\0005\0003\000e\0005\000/\000g\000o\000o\000g\000l\000e\000/\000a\000p\000i\000/\000b\000a\000c\000k\000e\000n\000d\000.\000p\000r\000o\000t\000o\000\040\000F\000i\000l\000e\000\040\000R\000e\000f\000e\000r\000e\000n\000c\000e}{chapter.8}% 151
\BOOKMARK [1][-]{section.8.33}{\376\377\0008\000.\0003\0003\000\040\000s\000r\000c\000/\000p\000y\000c\000a\000m\000/\000w\000i\000n\000d\000o\000w\000s\000/\000d\000e\000m\000o\000/\000t\000a\000r\000g\000e\000t\000/\000p\000r\000o\000t\000o\000c\000-\000d\000e\000p\000e\000n\000d\000e\000n\000c\000i\000e\000s\000/\0006\0002\0006\000b\000e\000d\0007\000a\000b\0004\000c\000e\0003\0005\0002\0008\0008\0006\000b\0006\000d\000e\0008\0005\0004\0004\0007\0004\0005\0003\000e\0005\000/\000g\000o\000o\000g\000l\000e\000/\000a\000p\000i\000/\000b\000i\000l\000l\000i\000n\000g\000.\000p\000r\000o\000t\000o\000\040\000F\000i\000l\000e\000\040\000R\000e\000f\000e\000r\000e\000n\000c\000e}{chapter.8}% 152
\BOOKMARK [1][-]{section.8.34}{\376\377\0008\000.\0003\0004\000\040\000s\000r\000c\000/\000p\000y\000c\000a\000m\000/\000w\000i\000n\000d\000o\000w\000s\000/\000d\000e\000m\000o\000/\000t\000a\000r\000g\000e\000t\000/\000p\000r\000o\000t\000o\000c\000-\000d\000e\000p\000e\000n\000d\000e\000n\000c\000i\000e\000s\000/\0006\0002\0006\000b\000e\000d\0007\000a\000b\0004\000c\000e\0003\0005\0002\0008\0008\0006\000b\0006\000d\000e\0008\0005\0004\0004\0007\0004\0005\0003\000e\0005\000/\000g\000o\000o\000g\000l\000e\000/\000a\000p\000i\000/\000c\000l\000i\000e\000n\000t\000.\000p\000r\000o\000t\000o\000\040\000F\000i\000l\000e\000\040\000R\000e\000f\000e\000r\000e\000n\000c\000e}{chapter.8}% 153
\BOOKMARK [1][-]{section.8.35}{\376\377\0008\000.\0003\0005\000\040\000s\000r\000c\000/\000p\000y\000c\000a\000m\000/\000w\000i\000n\000d\000o\000w\000s\000/\000d\000e\000m\000o\000/\000t\000a\000r\000g\000e\000t\000/\000p\000r\000o\000t\000o\000c\000-\000d\000e\000p\000e\000n\000d\000e\000n\000c\000i\000e\000s\000/\0006\0002\0006\000b\000e\000d\0007\000a\000b\0004\000c\000e\0003\0005\0002\0008\0008\0006\000b\0006\000d\000e\0008\0005\0004\0004\0007\0004\0005\0003\000e\0005\000/\000g\000o\000o\000g\000l\000e\000/\000a\000p\000i\000/\000c\000o\000n\000f\000i\000g\000\137\000c\000h\000a\000n\000g\000e\000.\000p\000r\000o\000t\000o\000\040\000F\000i\000l\000e\000\040\000R\000e\000f\000e\000r\000e\000n\000c\000e}{chapter.8}% 154
\BOOKMARK [1][-]{section.8.36}{\376\377\0008\000.\0003\0006\000\040\000s\000r\000c\000/\000p\000y\000c\000a\000m\000/\000w\000i\000n\000d\000o\000w\000s\000/\000d\000e\000m\000o\000/\000t\000a\000r\000g\000e\000t\000/\000p\000r\000o\000t\000o\000c\000-\000d\000e\000p\000e\000n\000d\000e\000n\000c\000i\000e\000s\000/\0006\0002\0006\000b\000e\000d\0007\000a\000b\0004\000c\000e\0003\0005\0002\0008\0008\0006\000b\0006\000d\000e\0008\0005\0004\0004\0007\0004\0005\0003\000e\0005\000/\000g\000o\000o\000g\000l\000e\000/\000a\000p\000i\000/\000c\000o\000n\000s\000u\000m\000e\000r\000.\000p\000r\000o\000t\000o\000\040\000F\000i\000l\000e\000\040\000R\000e\000f\000e\000r\000e\000n\000c\000e}{chapter.8}% 155
\BOOKMARK [1][-]{section.8.37}{\376\377\0008\000.\0003\0007\000\040\000s\000r\000c\000/\000p\000y\000c\000a\000m\000/\000w\000i\000n\000d\000o\000w\000s\000/\000d\000e\000m\000o\000/\000t\000a\000r\000g\000e\000t\000/\000p\000r\000o\000t\000o\000c\000-\000d\000e\000p\000e\000n\000d\000e\000n\000c\000i\000e\000s\000/\0006\0002\0006\000b\000e\000d\0007\000a\000b\0004\000c\000e\0003\0005\0002\0008\0008\0006\000b\0006\000d\000e\0008\0005\0004\0004\0007\0004\0005\0003\000e\0005\000/\000g\000o\000o\000g\000l\000e\000/\000a\000p\000i\000/\000c\000o\000n\000t\000e\000x\000t\000.\000p\000r\000o\000t\000o\000\040\000F\000i\000l\000e\000\040\000R\000e\000f\000e\000r\000e\000n\000c\000e}{chapter.8}% 156
\BOOKMARK [1][-]{section.8.38}{\376\377\0008\000.\0003\0008\000\040\000s\000r\000c\000/\000p\000y\000c\000a\000m\000/\000w\000i\000n\000d\000o\000w\000s\000/\000d\000e\000m\000o\000/\000t\000a\000r\000g\000e\000t\000/\000p\000r\000o\000t\000o\000c\000-\000d\000e\000p\000e\000n\000d\000e\000n\000c\000i\000e\000s\000/\0006\0002\0006\000b\000e\000d\0007\000a\000b\0004\000c\000e\0003\0005\0002\0008\0008\0006\000b\0006\000d\000e\0008\0005\0004\0004\0007\0004\0005\0003\000e\0005\000/\000g\000o\000o\000g\000l\000e\000/\000a\000p\000i\000/\000c\000o\000n\000t\000r\000o\000l\000.\000p\000r\000o\000t\000o\000\040\000F\000i\000l\000e\000\040\000R\000e\000f\000e\000r\000e\000n\000c\000e}{chapter.8}% 157
\BOOKMARK [1][-]{section.8.39}{\376\377\0008\000.\0003\0009\000\040\000s\000r\000c\000/\000p\000y\000c\000a\000m\000/\000w\000i\000n\000d\000o\000w\000s\000/\000d\000e\000m\000o\000/\000t\000a\000r\000g\000e\000t\000/\000p\000r\000o\000t\000o\000c\000-\000d\000e\000p\000e\000n\000d\000e\000n\000c\000i\000e\000s\000/\0006\0002\0006\000b\000e\000d\0007\000a\000b\0004\000c\000e\0003\0005\0002\0008\0008\0006\000b\0006\000d\000e\0008\0005\0004\0004\0007\0004\0005\0003\000e\0005\000/\000g\000o\000o\000g\000l\000e\000/\000a\000p\000i\000/\000d\000i\000s\000t\000r\000i\000b\000u\000t\000i\000o\000n\000.\000p\000r\000o\000t\000o\000\040\000F\000i\000l\000e\000\040\000R\000e\000f\000e\000r\000e\000n\000c\000e}{chapter.8}% 158
\BOOKMARK [1][-]{section.8.40}{\376\377\0008\000.\0004\0000\000\040\000s\000r\000c\000/\000p\000y\000c\000a\000m\000/\000w\000i\000n\000d\000o\000w\000s\000/\000d\000e\000m\000o\000/\000t\000a\000r\000g\000e\000t\000/\000p\000r\000o\000t\000o\000c\000-\000d\000e\000p\000e\000n\000d\000e\000n\000c\000i\000e\000s\000/\0006\0002\0006\000b\000e\000d\0007\000a\000b\0004\000c\000e\0003\0005\0002\0008\0008\0006\000b\0006\000d\000e\0008\0005\0004\0004\0007\0004\0005\0003\000e\0005\000/\000g\000o\000o\000g\000l\000e\000/\000a\000p\000i\000/\000d\000o\000c\000u\000m\000e\000n\000t\000a\000t\000i\000o\000n\000.\000p\000r\000o\000t\000o\000\040\000F\000i\000l\000e\000\040\000R\000e\000f\000e\000r\000e\000n\000c\000e}{chapter.8}% 159
\BOOKMARK [1][-]{section.8.41}{\376\377\0008\000.\0004\0001\000\040\000s\000r\000c\000/\000p\000y\000c\000a\000m\000/\000w\000i\000n\000d\000o\000w\000s\000/\000d\000e\000m\000o\000/\000t\000a\000r\000g\000e\000t\000/\000p\000r\000o\000t\000o\000c\000-\000d\000e\000p\000e\000n\000d\000e\000n\000c\000i\000e\000s\000/\0006\0002\0006\000b\000e\000d\0007\000a\000b\0004\000c\000e\0003\0005\0002\0008\0008\0006\000b\0006\000d\000e\0008\0005\0004\0004\0007\0004\0005\0003\000e\0005\000/\000g\000o\000o\000g\000l\000e\000/\000a\000p\000i\000/\000e\000n\000d\000p\000o\000i\000n\000t\000.\000p\000r\000o\000t\000o\000\040\000F\000i\000l\000e\000\040\000R\000e\000f\000e\000r\000e\000n\000c\000e}{chapter.8}% 160
\BOOKMARK [1][-]{section.8.42}{\376\377\0008\000.\0004\0002\000\040\000s\000r\000c\000/\000p\000y\000c\000a\000m\000/\000w\000i\000n\000d\000o\000w\000s\000/\000d\000e\000m\000o\000/\000t\000a\000r\000g\000e\000t\000/\000p\000r\000o\000t\000o\000c\000-\000d\000e\000p\000e\000n\000d\000e\000n\000c\000i\000e\000s\000/\0006\0002\0006\000b\000e\000d\0007\000a\000b\0004\000c\000e\0003\0005\0002\0008\0008\0006\000b\0006\000d\000e\0008\0005\0004\0004\0007\0004\0005\0003\000e\0005\000/\000g\000o\000o\000g\000l\000e\000/\000a\000p\000i\000/\000f\000i\000e\000l\000d\000\137\000b\000e\000h\000a\000v\000i\000o\000r\000.\000p\000r\000o\000t\000o\000\040\000F\000i\000l\000e\000\040\000R\000e\000f\000e\000r\000e\000n\000c\000e}{chapter.8}% 161
\BOOKMARK [1][-]{section.8.43}{\376\377\0008\000.\0004\0003\000\040\000s\000r\000c\000/\000p\000y\000c\000a\000m\000/\000w\000i\000n\000d\000o\000w\000s\000/\000d\000e\000m\000o\000/\000t\000a\000r\000g\000e\000t\000/\000p\000r\000o\000t\000o\000c\000-\000d\000e\000p\000e\000n\000d\000e\000n\000c\000i\000e\000s\000/\0006\0002\0006\000b\000e\000d\0007\000a\000b\0004\000c\000e\0003\0005\0002\0008\0008\0006\000b\0006\000d\000e\0008\0005\0004\0004\0007\0004\0005\0003\000e\0005\000/\000g\000o\000o\000g\000l\000e\000/\000a\000p\000i\000/\000h\000t\000t\000p\000.\000p\000r\000o\000t\000o\000\040\000F\000i\000l\000e\000\040\000R\000e\000f\000e\000r\000e\000n\000c\000e}{chapter.8}% 162
\BOOKMARK [1][-]{section.8.44}{\376\377\0008\000.\0004\0004\000\040\000s\000r\000c\000/\000p\000y\000c\000a\000m\000/\000w\000i\000n\000d\000o\000w\000s\000/\000d\000e\000m\000o\000/\000t\000a\000r\000g\000e\000t\000/\000p\000r\000o\000t\000o\000c\000-\000d\000e\000p\000e\000n\000d\000e\000n\000c\000i\000e\000s\000/\0006\0002\0006\000b\000e\000d\0007\000a\000b\0004\000c\000e\0003\0005\0002\0008\0008\0006\000b\0006\000d\000e\0008\0005\0004\0004\0007\0004\0005\0003\000e\0005\000/\000g\000o\000o\000g\000l\000e\000/\000a\000p\000i\000/\000h\000t\000t\000p\000b\000o\000d\000y\000.\000p\000r\000o\000t\000o\000\040\000F\000i\000l\000e\000\040\000R\000e\000f\000e\000r\000e\000n\000c\000e}{chapter.8}% 163
\BOOKMARK [1][-]{section.8.45}{\376\377\0008\000.\0004\0005\000\040\000s\000r\000c\000/\000p\000y\000c\000a\000m\000/\000w\000i\000n\000d\000o\000w\000s\000/\000d\000e\000m\000o\000/\000t\000a\000r\000g\000e\000t\000/\000p\000r\000o\000t\000o\000c\000-\000d\000e\000p\000e\000n\000d\000e\000n\000c\000i\000e\000s\000/\0006\0002\0006\000b\000e\000d\0007\000a\000b\0004\000c\000e\0003\0005\0002\0008\0008\0006\000b\0006\000d\000e\0008\0005\0004\0004\0007\0004\0005\0003\000e\0005\000/\000g\000o\000o\000g\000l\000e\000/\000a\000p\000i\000/\000l\000a\000b\000e\000l\000.\000p\000r\000o\000t\000o\000\040\000F\000i\000l\000e\000\040\000R\000e\000f\000e\000r\000e\000n\000c\000e}{chapter.8}% 164
\BOOKMARK [1][-]{section.8.46}{\376\377\0008\000.\0004\0006\000\040\000s\000r\000c\000/\000p\000y\000c\000a\000m\000/\000w\000i\000n\000d\000o\000w\000s\000/\000d\000e\000m\000o\000/\000t\000a\000r\000g\000e\000t\000/\000p\000r\000o\000t\000o\000c\000-\000d\000e\000p\000e\000n\000d\000e\000n\000c\000i\000e\000s\000/\0006\0002\0006\000b\000e\000d\0007\000a\000b\0004\000c\000e\0003\0005\0002\0008\0008\0006\000b\0006\000d\000e\0008\0005\0004\0004\0007\0004\0005\0003\000e\0005\000/\000g\000o\000o\000g\000l\000e\000/\000a\000p\000i\000/\000l\000a\000u\000n\000c\000h\000\137\000s\000t\000a\000g\000e\000.\000p\000r\000o\000t\000o\000\040\000F\000i\000l\000e\000\040\000R\000e\000f\000e\000r\000e\000n\000c\000e}{chapter.8}% 165
\BOOKMARK [1][-]{section.8.47}{\376\377\0008\000.\0004\0007\000\040\000s\000r\000c\000/\000p\000y\000c\000a\000m\000/\000w\000i\000n\000d\000o\000w\000s\000/\000d\000e\000m\000o\000/\000t\000a\000r\000g\000e\000t\000/\000p\000r\000o\000t\000o\000c\000-\000d\000e\000p\000e\000n\000d\000e\000n\000c\000i\000e\000s\000/\0006\0002\0006\000b\000e\000d\0007\000a\000b\0004\000c\000e\0003\0005\0002\0008\0008\0006\000b\0006\000d\000e\0008\0005\0004\0004\0007\0004\0005\0003\000e\0005\000/\000g\000o\000o\000g\000l\000e\000/\000a\000p\000i\000/\000l\000o\000g\000.\000p\000r\000o\000t\000o\000\040\000F\000i\000l\000e\000\040\000R\000e\000f\000e\000r\000e\000n\000c\000e}{chapter.8}% 166
\BOOKMARK [1][-]{section.8.48}{\376\377\0008\000.\0004\0008\000\040\000s\000r\000c\000/\000p\000y\000c\000a\000m\000/\000w\000i\000n\000d\000o\000w\000s\000/\000d\000e\000m\000o\000/\000t\000a\000r\000g\000e\000t\000/\000p\000r\000o\000t\000o\000c\000-\000d\000e\000p\000e\000n\000d\000e\000n\000c\000i\000e\000s\000/\0006\0002\0006\000b\000e\000d\0007\000a\000b\0004\000c\000e\0003\0005\0002\0008\0008\0006\000b\0006\000d\000e\0008\0005\0004\0004\0007\0004\0005\0003\000e\0005\000/\000g\000o\000o\000g\000l\000e\000/\000a\000p\000i\000/\000l\000o\000g\000g\000i\000n\000g\000.\000p\000r\000o\000t\000o\000\040\000F\000i\000l\000e\000\040\000R\000e\000f\000e\000r\000e\000n\000c\000e}{chapter.8}% 167
\BOOKMARK [1][-]{section.8.49}{\376\377\0008\000.\0004\0009\000\040\000s\000r\000c\000/\000p\000y\000c\000a\000m\000/\000w\000i\000n\000d\000o\000w\000s\000/\000d\000e\000m\000o\000/\000t\000a\000r\000g\000e\000t\000/\000p\000r\000o\000t\000o\000c\000-\000d\000e\000p\000e\000n\000d\000e\000n\000c\000i\000e\000s\000/\0006\0002\0006\000b\000e\000d\0007\000a\000b\0004\000c\000e\0003\0005\0002\0008\0008\0006\000b\0006\000d\000e\0008\0005\0004\0004\0007\0004\0005\0003\000e\0005\000/\000g\000o\000o\000g\000l\000e\000/\000a\000p\000i\000/\000m\000e\000t\000r\000i\000c\000.\000p\000r\000o\000t\000o\000\040\000F\000i\000l\000e\000\040\000R\000e\000f\000e\000r\000e\000n\000c\000e}{chapter.8}% 168
\BOOKMARK [1][-]{section.8.50}{\376\377\0008\000.\0005\0000\000\040\000s\000r\000c\000/\000p\000y\000c\000a\000m\000/\000w\000i\000n\000d\000o\000w\000s\000/\000d\000e\000m\000o\000/\000t\000a\000r\000g\000e\000t\000/\000p\000r\000o\000t\000o\000c\000-\000d\000e\000p\000e\000n\000d\000e\000n\000c\000i\000e\000s\000/\0006\0002\0006\000b\000e\000d\0007\000a\000b\0004\000c\000e\0003\0005\0002\0008\0008\0006\000b\0006\000d\000e\0008\0005\0004\0004\0007\0004\0005\0003\000e\0005\000/\000g\000o\000o\000g\000l\000e\000/\000a\000p\000i\000/\000m\000o\000n\000i\000t\000o\000r\000e\000d\000\137\000r\000e\000s\000o\000u\000r\000c\000e\000.\000p\000r\000o\000t\000o\000\040\000F\000i\000l\000e\000\040\000R\000e\000f\000e\000r\000e\000n\000c\000e}{chapter.8}% 169
\BOOKMARK [1][-]{section.8.51}{\376\377\0008\000.\0005\0001\000\040\000s\000r\000c\000/\000p\000y\000c\000a\000m\000/\000w\000i\000n\000d\000o\000w\000s\000/\000d\000e\000m\000o\000/\000t\000a\000r\000g\000e\000t\000/\000p\000r\000o\000t\000o\000c\000-\000d\000e\000p\000e\000n\000d\000e\000n\000c\000i\000e\000s\000/\0006\0002\0006\000b\000e\000d\0007\000a\000b\0004\000c\000e\0003\0005\0002\0008\0008\0006\000b\0006\000d\000e\0008\0005\0004\0004\0007\0004\0005\0003\000e\0005\000/\000g\000o\000o\000g\000l\000e\000/\000a\000p\000i\000/\000m\000o\000n\000i\000t\000o\000r\000i\000n\000g\000.\000p\000r\000o\000t\000o\000\040\000F\000i\000l\000e\000\040\000R\000e\000f\000e\000r\000e\000n\000c\000e}{chapter.8}% 170
\BOOKMARK [1][-]{section.8.52}{\376\377\0008\000.\0005\0002\000\040\000s\000r\000c\000/\000p\000y\000c\000a\000m\000/\000w\000i\000n\000d\000o\000w\000s\000/\000d\000e\000m\000o\000/\000t\000a\000r\000g\000e\000t\000/\000p\000r\000o\000t\000o\000c\000-\000d\000e\000p\000e\000n\000d\000e\000n\000c\000i\000e\000s\000/\0006\0002\0006\000b\000e\000d\0007\000a\000b\0004\000c\000e\0003\0005\0002\0008\0008\0006\000b\0006\000d\000e\0008\0005\0004\0004\0007\0004\0005\0003\000e\0005\000/\000g\000o\000o\000g\000l\000e\000/\000a\000p\000i\000/\000q\000u\000o\000t\000a\000.\000p\000r\000o\000t\000o\000\040\000F\000i\000l\000e\000\040\000R\000e\000f\000e\000r\000e\000n\000c\000e}{chapter.8}% 171
\BOOKMARK [1][-]{section.8.53}{\376\377\0008\000.\0005\0003\000\040\000s\000r\000c\000/\000p\000y\000c\000a\000m\000/\000w\000i\000n\000d\000o\000w\000s\000/\000d\000e\000m\000o\000/\000t\000a\000r\000g\000e\000t\000/\000p\000r\000o\000t\000o\000c\000-\000d\000e\000p\000e\000n\000d\000e\000n\000c\000i\000e\000s\000/\0006\0002\0006\000b\000e\000d\0007\000a\000b\0004\000c\000e\0003\0005\0002\0008\0008\0006\000b\0006\000d\000e\0008\0005\0004\0004\0007\0004\0005\0003\000e\0005\000/\000g\000o\000o\000g\000l\000e\000/\000a\000p\000i\000/\000r\000e\000s\000o\000u\000r\000c\000e\000.\000p\000r\000o\000t\000o\000\040\000F\000i\000l\000e\000\040\000R\000e\000f\000e\000r\000e\000n\000c\000e}{chapter.8}% 172
\BOOKMARK [1][-]{section.8.54}{\376\377\0008\000.\0005\0004\000\040\000s\000r\000c\000/\000p\000y\000c\000a\000m\000/\000w\000i\000n\000d\000o\000w\000s\000/\000d\000e\000m\000o\000/\000t\000a\000r\000g\000e\000t\000/\000p\000r\000o\000t\000o\000c\000-\000d\000e\000p\000e\000n\000d\000e\000n\000c\000i\000e\000s\000/\0006\0002\0006\000b\000e\000d\0007\000a\000b\0004\000c\000e\0003\0005\0002\0008\0008\0006\000b\0006\000d\000e\0008\0005\0004\0004\0007\0004\0005\0003\000e\0005\000/\000g\000o\000o\000g\000l\000e\000/\000a\000p\000i\000/\000s\000e\000r\000v\000i\000c\000e\000.\000p\000r\000o\000t\000o\000\040\000F\000i\000l\000e\000\040\000R\000e\000f\000e\000r\000e\000n\000c\000e}{chapter.8}% 173
\BOOKMARK [1][-]{section.8.55}{\376\377\0008\000.\0005\0005\000\040\000s\000r\000c\000/\000p\000y\000c\000a\000m\000/\000w\000i\000n\000d\000o\000w\000s\000/\000d\000e\000m\000o\000/\000t\000a\000r\000g\000e\000t\000/\000p\000r\000o\000t\000o\000c\000-\000d\000e\000p\000e\000n\000d\000e\000n\000c\000i\000e\000s\000/\0006\0002\0006\000b\000e\000d\0007\000a\000b\0004\000c\000e\0003\0005\0002\0008\0008\0006\000b\0006\000d\000e\0008\0005\0004\0004\0007\0004\0005\0003\000e\0005\000/\000g\000o\000o\000g\000l\000e\000/\000a\000p\000i\000/\000s\000o\000u\000r\000c\000e\000\137\000i\000n\000f\000o\000.\000p\000r\000o\000t\000o\000\040\000F\000i\000l\000e\000\040\000R\000e\000f\000e\000r\000e\000n\000c\000e}{chapter.8}% 174
\BOOKMARK [1][-]{section.8.56}{\376\377\0008\000.\0005\0006\000\040\000s\000r\000c\000/\000p\000y\000c\000a\000m\000/\000w\000i\000n\000d\000o\000w\000s\000/\000d\000e\000m\000o\000/\000t\000a\000r\000g\000e\000t\000/\000p\000r\000o\000t\000o\000c\000-\000d\000e\000p\000e\000n\000d\000e\000n\000c\000i\000e\000s\000/\0006\0002\0006\000b\000e\000d\0007\000a\000b\0004\000c\000e\0003\0005\0002\0008\0008\0006\000b\0006\000d\000e\0008\0005\0004\0004\0007\0004\0005\0003\000e\0005\000/\000g\000o\000o\000g\000l\000e\000/\000a\000p\000i\000/\000s\000y\000s\000t\000e\000m\000\137\000p\000a\000r\000a\000m\000e\000t\000e\000r\000.\000p\000r\000o\000t\000o\000\040\000F\000i\000l\000e\000\040\000R\000e\000f\000e\000r\000e\000n\000c\000e}{chapter.8}% 175
\BOOKMARK [1][-]{section.8.57}{\376\377\0008\000.\0005\0007\000\040\000s\000r\000c\000/\000p\000y\000c\000a\000m\000/\000w\000i\000n\000d\000o\000w\000s\000/\000d\000e\000m\000o\000/\000t\000a\000r\000g\000e\000t\000/\000p\000r\000o\000t\000o\000c\000-\000d\000e\000p\000e\000n\000d\000e\000n\000c\000i\000e\000s\000/\0006\0002\0006\000b\000e\000d\0007\000a\000b\0004\000c\000e\0003\0005\0002\0008\0008\0006\000b\0006\000d\000e\0008\0005\0004\0004\0007\0004\0005\0003\000e\0005\000/\000g\000o\000o\000g\000l\000e\000/\000a\000p\000i\000/\000u\000s\000a\000g\000e\000.\000p\000r\000o\000t\000o\000\040\000F\000i\000l\000e\000\040\000R\000e\000f\000e\000r\000e\000n\000c\000e}{chapter.8}% 176
\BOOKMARK [1][-]{section.8.58}{\376\377\0008\000.\0005\0008\000\040\000s\000r\000c\000/\000p\000y\000c\000a\000m\000/\000w\000i\000n\000d\000o\000w\000s\000/\000d\000e\000m\000o\000/\000t\000a\000r\000g\000e\000t\000/\000p\000r\000o\000t\000o\000c\000-\000d\000e\000p\000e\000n\000d\000e\000n\000c\000i\000e\000s\000/\0006\0002\0006\000b\000e\000d\0007\000a\000b\0004\000c\000e\0003\0005\0002\0008\0008\0006\000b\0006\000d\000e\0008\0005\0004\0004\0007\0004\0005\0003\000e\0005\000/\000g\000o\000o\000g\000l\000e\000/\000c\000l\000o\000u\000d\000/\000a\000u\000d\000i\000t\000/\000a\000u\000d\000i\000t\000\137\000l\000o\000g\000.\000p\000r\000o\000t\000o\000\040\000F\000i\000l\000e\000\040\000R\000e\000f\000e\000r\000e\000n\000c\000e}{chapter.8}% 177
\BOOKMARK [1][-]{section.8.59}{\376\377\0008\000.\0005\0009\000\040\000s\000r\000c\000/\000p\000y\000c\000a\000m\000/\000w\000i\000n\000d\000o\000w\000s\000/\000d\000e\000m\000o\000/\000t\000a\000r\000g\000e\000t\000/\000p\000r\000o\000t\000o\000c\000-\000d\000e\000p\000e\000n\000d\000e\000n\000c\000i\000e\000s\000/\0006\0002\0006\000b\000e\000d\0007\000a\000b\0004\000c\000e\0003\0005\0002\0008\0008\0006\000b\0006\000d\000e\0008\0005\0004\0004\0007\0004\0005\0003\000e\0005\000/\000g\000o\000o\000g\000l\000e\000/\000g\000e\000o\000/\000t\000y\000p\000e\000/\000v\000i\000e\000w\000p\000o\000r\000t\000.\000p\000r\000o\000t\000o\000\040\000F\000i\000l\000e\000\040\000R\000e\000f\000e\000r\000e\000n\000c\000e}{chapter.8}% 178
\BOOKMARK [1][-]{section.8.60}{\376\377\0008\000.\0006\0000\000\040\000s\000r\000c\000/\000p\000y\000c\000a\000m\000/\000w\000i\000n\000d\000o\000w\000s\000/\000d\000e\000m\000o\000/\000t\000a\000r\000g\000e\000t\000/\000p\000r\000o\000t\000o\000c\000-\000d\000e\000p\000e\000n\000d\000e\000n\000c\000i\000e\000s\000/\0006\0002\0006\000b\000e\000d\0007\000a\000b\0004\000c\000e\0003\0005\0002\0008\0008\0006\000b\0006\000d\000e\0008\0005\0004\0004\0007\0004\0005\0003\000e\0005\000/\000g\000o\000o\000g\000l\000e\000/\000l\000o\000g\000g\000i\000n\000g\000/\000t\000y\000p\000e\000/\000h\000t\000t\000p\000\137\000r\000e\000q\000u\000e\000s\000t\000.\000p\000r\000o\000t\000o\000\040\000F\000i\000l\000e\000\040\000R\000e\000f\000e\000r\000e\000n\000c\000e}{chapter.8}% 179
\BOOKMARK [1][-]{section.8.61}{\376\377\0008\000.\0006\0001\000\040\000s\000r\000c\000/\000p\000y\000c\000a\000m\000/\000w\000i\000n\000d\000o\000w\000s\000/\000d\000e\000m\000o\000/\000t\000a\000r\000g\000e\000t\000/\000p\000r\000o\000t\000o\000c\000-\000d\000e\000p\000e\000n\000d\000e\000n\000c\000i\000e\000s\000/\0006\0002\0006\000b\000e\000d\0007\000a\000b\0004\000c\000e\0003\0005\0002\0008\0008\0006\000b\0006\000d\000e\0008\0005\0004\0004\0007\0004\0005\0003\000e\0005\000/\000g\000o\000o\000g\000l\000e\000/\000l\000o\000g\000g\000i\000n\000g\000/\000t\000y\000p\000e\000/\000l\000o\000g\000\137\000s\000e\000v\000e\000r\000i\000t\000y\000.\000p\000r\000o\000t\000o\000\040\000F\000i\000l\000e\000\040\000R\000e\000f\000e\000r\000e\000n\000c\000e}{chapter.8}% 180
\BOOKMARK [1][-]{section.8.62}{\376\377\0008\000.\0006\0002\000\040\000s\000r\000c\000/\000p\000y\000c\000a\000m\000/\000w\000i\000n\000d\000o\000w\000s\000/\000d\000e\000m\000o\000/\000t\000a\000r\000g\000e\000t\000/\000p\000r\000o\000t\000o\000c\000-\000d\000e\000p\000e\000n\000d\000e\000n\000c\000i\000e\000s\000/\0006\0002\0006\000b\000e\000d\0007\000a\000b\0004\000c\000e\0003\0005\0002\0008\0008\0006\000b\0006\000d\000e\0008\0005\0004\0004\0007\0004\0005\0003\000e\0005\000/\000g\000o\000o\000g\000l\000e\000/\000l\000o\000n\000g\000r\000u\000n\000n\000i\000n\000g\000/\000o\000p\000e\000r\000a\000t\000i\000o\000n\000s\000.\000p\000r\000o\000t\000o\000\040\000F\000i\000l\000e\000\040\000R\000e\000f\000e\000r\000e\000n\000c\000e}{chapter.8}% 181
\BOOKMARK [1][-]{section.8.63}{\376\377\0008\000.\0006\0003\000\040\000s\000r\000c\000/\000p\000y\000c\000a\000m\000/\000w\000i\000n\000d\000o\000w\000s\000/\000d\000e\000m\000o\000/\000t\000a\000r\000g\000e\000t\000/\000p\000r\000o\000t\000o\000c\000-\000d\000e\000p\000e\000n\000d\000e\000n\000c\000i\000e\000s\000/\0006\0002\0006\000b\000e\000d\0007\000a\000b\0004\000c\000e\0003\0005\0002\0008\0008\0006\000b\0006\000d\000e\0008\0005\0004\0004\0007\0004\0005\0003\000e\0005\000/\000g\000o\000o\000g\000l\000e\000/\000r\000p\000c\000/\000c\000o\000d\000e\000.\000p\000r\000o\000t\000o\000\040\000F\000i\000l\000e\000\040\000R\000e\000f\000e\000r\000e\000n\000c\000e}{chapter.8}% 182
\BOOKMARK [1][-]{section.8.64}{\376\377\0008\000.\0006\0004\000\040\000s\000r\000c\000/\000p\000y\000c\000a\000m\000/\000w\000i\000n\000d\000o\000w\000s\000/\000d\000e\000m\000o\000/\000t\000a\000r\000g\000e\000t\000/\000p\000r\000o\000t\000o\000c\000-\000d\000e\000p\000e\000n\000d\000e\000n\000c\000i\000e\000s\000/\0006\0002\0006\000b\000e\000d\0007\000a\000b\0004\000c\000e\0003\0005\0002\0008\0008\0006\000b\0006\000d\000e\0008\0005\0004\0004\0007\0004\0005\0003\000e\0005\000/\000g\000o\000o\000g\000l\000e\000/\000r\000p\000c\000/\000c\000o\000n\000t\000e\000x\000t\000/\000a\000t\000t\000r\000i\000b\000u\000t\000e\000\137\000c\000o\000n\000t\000e\000x\000t\000.\000p\000r\000o\000t\000o\000\040\000F\000i\000l\000e\000\040\000R\000e\000f\000e\000r\000e\000n\000c\000e}{chapter.8}% 183
\BOOKMARK [1][-]{section.8.65}{\376\377\0008\000.\0006\0005\000\040\000s\000r\000c\000/\000p\000y\000c\000a\000m\000/\000w\000i\000n\000d\000o\000w\000s\000/\000d\000e\000m\000o\000/\000t\000a\000r\000g\000e\000t\000/\000p\000r\000o\000t\000o\000c\000-\000d\000e\000p\000e\000n\000d\000e\000n\000c\000i\000e\000s\000/\0006\0002\0006\000b\000e\000d\0007\000a\000b\0004\000c\000e\0003\0005\0002\0008\0008\0006\000b\0006\000d\000e\0008\0005\0004\0004\0007\0004\0005\0003\000e\0005\000/\000g\000o\000o\000g\000l\000e\000/\000r\000p\000c\000/\000e\000r\000r\000o\000r\000\137\000d\000e\000t\000a\000i\000l\000s\000.\000p\000r\000o\000t\000o\000\040\000F\000i\000l\000e\000\040\000R\000e\000f\000e\000r\000e\000n\000c\000e}{chapter.8}% 184
\BOOKMARK [1][-]{section.8.66}{\376\377\0008\000.\0006\0006\000\040\000s\000r\000c\000/\000p\000y\000c\000a\000m\000/\000w\000i\000n\000d\000o\000w\000s\000/\000d\000e\000m\000o\000/\000t\000a\000r\000g\000e\000t\000/\000p\000r\000o\000t\000o\000c\000-\000d\000e\000p\000e\000n\000d\000e\000n\000c\000i\000e\000s\000/\0006\0002\0006\000b\000e\000d\0007\000a\000b\0004\000c\000e\0003\0005\0002\0008\0008\0006\000b\0006\000d\000e\0008\0005\0004\0004\0007\0004\0005\0003\000e\0005\000/\000g\000o\000o\000g\000l\000e\000/\000r\000p\000c\000/\000s\000t\000a\000t\000u\000s\000.\000p\000r\000o\000t\000o\000\040\000F\000i\000l\000e\000\040\000R\000e\000f\000e\000r\000e\000n\000c\000e}{chapter.8}% 185
\BOOKMARK [1][-]{section.8.67}{\376\377\0008\000.\0006\0007\000\040\000s\000r\000c\000/\000p\000y\000c\000a\000m\000/\000w\000i\000n\000d\000o\000w\000s\000/\000d\000e\000m\000o\000/\000t\000a\000r\000g\000e\000t\000/\000p\000r\000o\000t\000o\000c\000-\000d\000e\000p\000e\000n\000d\000e\000n\000c\000i\000e\000s\000/\0006\0002\0006\000b\000e\000d\0007\000a\000b\0004\000c\000e\0003\0005\0002\0008\0008\0006\000b\0006\000d\000e\0008\0005\0004\0004\0007\0004\0005\0003\000e\0005\000/\000g\000o\000o\000g\000l\000e\000/\000t\000y\000p\000e\000/\000c\000a\000l\000e\000n\000d\000a\000r\000\137\000p\000e\000r\000i\000o\000d\000.\000p\000r\000o\000t\000o\000\040\000F\000i\000l\000e\000\040\000R\000e\000f\000e\000r\000e\000n\000c\000e}{chapter.8}% 186
\BOOKMARK [1][-]{section.8.68}{\376\377\0008\000.\0006\0008\000\040\000s\000r\000c\000/\000p\000y\000c\000a\000m\000/\000w\000i\000n\000d\000o\000w\000s\000/\000d\000e\000m\000o\000/\000t\000a\000r\000g\000e\000t\000/\000p\000r\000o\000t\000o\000c\000-\000d\000e\000p\000e\000n\000d\000e\000n\000c\000i\000e\000s\000/\0006\0002\0006\000b\000e\000d\0007\000a\000b\0004\000c\000e\0003\0005\0002\0008\0008\0006\000b\0006\000d\000e\0008\0005\0004\0004\0007\0004\0005\0003\000e\0005\000/\000g\000o\000o\000g\000l\000e\000/\000t\000y\000p\000e\000/\000c\000o\000l\000o\000r\000.\000p\000r\000o\000t\000o\000\040\000F\000i\000l\000e\000\040\000R\000e\000f\000e\000r\000e\000n\000c\000e}{chapter.8}% 187
\BOOKMARK [1][-]{section.8.69}{\376\377\0008\000.\0006\0009\000\040\000s\000r\000c\000/\000p\000y\000c\000a\000m\000/\000w\000i\000n\000d\000o\000w\000s\000/\000d\000e\000m\000o\000/\000t\000a\000r\000g\000e\000t\000/\000p\000r\000o\000t\000o\000c\000-\000d\000e\000p\000e\000n\000d\000e\000n\000c\000i\000e\000s\000/\0006\0002\0006\000b\000e\000d\0007\000a\000b\0004\000c\000e\0003\0005\0002\0008\0008\0006\000b\0006\000d\000e\0008\0005\0004\0004\0007\0004\0005\0003\000e\0005\000/\000g\000o\000o\000g\000l\000e\000/\000t\000y\000p\000e\000/\000d\000a\000t\000e\000.\000p\000r\000o\000t\000o\000\040\000F\000i\000l\000e\000\040\000R\000e\000f\000e\000r\000e\000n\000c\000e}{chapter.8}% 188
\BOOKMARK [1][-]{section.8.70}{\376\377\0008\000.\0007\0000\000\040\000s\000r\000c\000/\000p\000y\000c\000a\000m\000/\000w\000i\000n\000d\000o\000w\000s\000/\000d\000e\000m\000o\000/\000t\000a\000r\000g\000e\000t\000/\000p\000r\000o\000t\000o\000c\000-\000d\000e\000p\000e\000n\000d\000e\000n\000c\000i\000e\000s\000/\0006\0002\0006\000b\000e\000d\0007\000a\000b\0004\000c\000e\0003\0005\0002\0008\0008\0006\000b\0006\000d\000e\0008\0005\0004\0004\0007\0004\0005\0003\000e\0005\000/\000g\000o\000o\000g\000l\000e\000/\000t\000y\000p\000e\000/\000d\000a\000t\000e\000t\000i\000m\000e\000.\000p\000r\000o\000t\000o\000\040\000F\000i\000l\000e\000\040\000R\000e\000f\000e\000r\000e\000n\000c\000e}{chapter.8}% 189
\BOOKMARK [1][-]{section.8.71}{\376\377\0008\000.\0007\0001\000\040\000s\000r\000c\000/\000p\000y\000c\000a\000m\000/\000w\000i\000n\000d\000o\000w\000s\000/\000d\000e\000m\000o\000/\000t\000a\000r\000g\000e\000t\000/\000p\000r\000o\000t\000o\000c\000-\000d\000e\000p\000e\000n\000d\000e\000n\000c\000i\000e\000s\000/\0006\0002\0006\000b\000e\000d\0007\000a\000b\0004\000c\000e\0003\0005\0002\0008\0008\0006\000b\0006\000d\000e\0008\0005\0004\0004\0007\0004\0005\0003\000e\0005\000/\000g\000o\000o\000g\000l\000e\000/\000t\000y\000p\000e\000/\000d\000a\000y\000o\000f\000w\000e\000e\000k\000.\000p\000r\000o\000t\000o\000\040\000F\000i\000l\000e\000\040\000R\000e\000f\000e\000r\000e\000n\000c\000e}{chapter.8}% 190
\BOOKMARK [1][-]{section.8.72}{\376\377\0008\000.\0007\0002\000\040\000s\000r\000c\000/\000p\000y\000c\000a\000m\000/\000w\000i\000n\000d\000o\000w\000s\000/\000d\000e\000m\000o\000/\000t\000a\000r\000g\000e\000t\000/\000p\000r\000o\000t\000o\000c\000-\000d\000e\000p\000e\000n\000d\000e\000n\000c\000i\000e\000s\000/\0006\0002\0006\000b\000e\000d\0007\000a\000b\0004\000c\000e\0003\0005\0002\0008\0008\0006\000b\0006\000d\000e\0008\0005\0004\0004\0007\0004\0005\0003\000e\0005\000/\000g\000o\000o\000g\000l\000e\000/\000t\000y\000p\000e\000/\000e\000x\000p\000r\000.\000p\000r\000o\000t\000o\000\040\000F\000i\000l\000e\000\040\000R\000e\000f\000e\000r\000e\000n\000c\000e}{chapter.8}% 191
\BOOKMARK [1][-]{section.8.73}{\376\377\0008\000.\0007\0003\000\040\000s\000r\000c\000/\000p\000y\000c\000a\000m\000/\000w\000i\000n\000d\000o\000w\000s\000/\000d\000e\000m\000o\000/\000t\000a\000r\000g\000e\000t\000/\000p\000r\000o\000t\000o\000c\000-\000d\000e\000p\000e\000n\000d\000e\000n\000c\000i\000e\000s\000/\0006\0002\0006\000b\000e\000d\0007\000a\000b\0004\000c\000e\0003\0005\0002\0008\0008\0006\000b\0006\000d\000e\0008\0005\0004\0004\0007\0004\0005\0003\000e\0005\000/\000g\000o\000o\000g\000l\000e\000/\000t\000y\000p\000e\000/\000f\000r\000a\000c\000t\000i\000o\000n\000.\000p\000r\000o\000t\000o\000\040\000F\000i\000l\000e\000\040\000R\000e\000f\000e\000r\000e\000n\000c\000e}{chapter.8}% 192
\BOOKMARK [1][-]{section.8.74}{\376\377\0008\000.\0007\0004\000\040\000s\000r\000c\000/\000p\000y\000c\000a\000m\000/\000w\000i\000n\000d\000o\000w\000s\000/\000d\000e\000m\000o\000/\000t\000a\000r\000g\000e\000t\000/\000p\000r\000o\000t\000o\000c\000-\000d\000e\000p\000e\000n\000d\000e\000n\000c\000i\000e\000s\000/\0006\0002\0006\000b\000e\000d\0007\000a\000b\0004\000c\000e\0003\0005\0002\0008\0008\0006\000b\0006\000d\000e\0008\0005\0004\0004\0007\0004\0005\0003\000e\0005\000/\000g\000o\000o\000g\000l\000e\000/\000t\000y\000p\000e\000/\000l\000a\000t\000l\000n\000g\000.\000p\000r\000o\000t\000o\000\040\000F\000i\000l\000e\000\040\000R\000e\000f\000e\000r\000e\000n\000c\000e}{chapter.8}% 193
\BOOKMARK [1][-]{section.8.75}{\376\377\0008\000.\0007\0005\000\040\000s\000r\000c\000/\000p\000y\000c\000a\000m\000/\000w\000i\000n\000d\000o\000w\000s\000/\000d\000e\000m\000o\000/\000t\000a\000r\000g\000e\000t\000/\000p\000r\000o\000t\000o\000c\000-\000d\000e\000p\000e\000n\000d\000e\000n\000c\000i\000e\000s\000/\0006\0002\0006\000b\000e\000d\0007\000a\000b\0004\000c\000e\0003\0005\0002\0008\0008\0006\000b\0006\000d\000e\0008\0005\0004\0004\0007\0004\0005\0003\000e\0005\000/\000g\000o\000o\000g\000l\000e\000/\000t\000y\000p\000e\000/\000m\000o\000n\000e\000y\000.\000p\000r\000o\000t\000o\000\040\000F\000i\000l\000e\000\040\000R\000e\000f\000e\000r\000e\000n\000c\000e}{chapter.8}% 194
\BOOKMARK [1][-]{section.8.76}{\376\377\0008\000.\0007\0006\000\040\000s\000r\000c\000/\000p\000y\000c\000a\000m\000/\000w\000i\000n\000d\000o\000w\000s\000/\000d\000e\000m\000o\000/\000t\000a\000r\000g\000e\000t\000/\000p\000r\000o\000t\000o\000c\000-\000d\000e\000p\000e\000n\000d\000e\000n\000c\000i\000e\000s\000/\0006\0002\0006\000b\000e\000d\0007\000a\000b\0004\000c\000e\0003\0005\0002\0008\0008\0006\000b\0006\000d\000e\0008\0005\0004\0004\0007\0004\0005\0003\000e\0005\000/\000g\000o\000o\000g\000l\000e\000/\000t\000y\000p\000e\000/\000p\000o\000s\000t\000a\000l\000\137\000a\000d\000d\000r\000e\000s\000s\000.\000p\000r\000o\000t\000o\000\040\000F\000i\000l\000e\000\040\000R\000e\000f\000e\000r\000e\000n\000c\000e}{chapter.8}% 195
\BOOKMARK [1][-]{section.8.77}{\376\377\0008\000.\0007\0007\000\040\000s\000r\000c\000/\000p\000y\000c\000a\000m\000/\000w\000i\000n\000d\000o\000w\000s\000/\000d\000e\000m\000o\000/\000t\000a\000r\000g\000e\000t\000/\000p\000r\000o\000t\000o\000c\000-\000d\000e\000p\000e\000n\000d\000e\000n\000c\000i\000e\000s\000/\0006\0002\0006\000b\000e\000d\0007\000a\000b\0004\000c\000e\0003\0005\0002\0008\0008\0006\000b\0006\000d\000e\0008\0005\0004\0004\0007\0004\0005\0003\000e\0005\000/\000g\000o\000o\000g\000l\000e\000/\000t\000y\000p\000e\000/\000q\000u\000a\000t\000e\000r\000n\000i\000o\000n\000.\000p\000r\000o\000t\000o\000\040\000F\000i\000l\000e\000\040\000R\000e\000f\000e\000r\000e\000n\000c\000e}{chapter.8}% 196
\BOOKMARK [1][-]{section.8.78}{\376\377\0008\000.\0007\0008\000\040\000s\000r\000c\000/\000p\000y\000c\000a\000m\000/\000w\000i\000n\000d\000o\000w\000s\000/\000d\000e\000m\000o\000/\000t\000a\000r\000g\000e\000t\000/\000p\000r\000o\000t\000o\000c\000-\000d\000e\000p\000e\000n\000d\000e\000n\000c\000i\000e\000s\000/\0006\0002\0006\000b\000e\000d\0007\000a\000b\0004\000c\000e\0003\0005\0002\0008\0008\0006\000b\0006\000d\000e\0008\0005\0004\0004\0007\0004\0005\0003\000e\0005\000/\000g\000o\000o\000g\000l\000e\000/\000t\000y\000p\000e\000/\000t\000i\000m\000e\000o\000f\000d\000a\000y\000.\000p\000r\000o\000t\000o\000\040\000F\000i\000l\000e\000\040\000R\000e\000f\000e\000r\000e\000n\000c\000e}{chapter.8}% 197
\BOOKMARK [0][-]{section*.49}{\376\377\000I\000n\000d\000e\000x}{}% 198
